[2026-04-01 15:04:54 UTC] status e9_active=0 e9_final=0 verify_active=0 verify_ckpt=0 all_uploaded=0 redirect_uploaded=0 verify_uploaded=0 eval_free=0,1,2,3 e3_step=380/1030
[2026-04-01 15:04:57 UTC] started E9 from behavior_all_sft on tops-caiman
[2026-04-01 15:06:22 UTC] status e9_active=1 e9_final=0 verify_active=0 verify_ckpt=0 all_uploaded=0 redirect_uploaded=0 verify_uploaded=0 eval_free=0,1,2,3 e3_step=380/1030
[2026-04-01 15:06:25 UTC] started behavior_verify_sft on metacognition_e8
[2026-04-01 15:06:28 UTC] started HF upload for behavior_all_sft
[2026-04-01 15:06:31 UTC] started HF upload for behavior_redirect_sft
[2026-04-01 15:07:14 UTC] status e9_active=1 e9_final=0 verify_active=1 verify_ckpt=0 all_uploaded=0 redirect_uploaded=0 verify_uploaded=0 eval_free=0,1,2,3 e3_step=380/1030
[2026-04-01 15:10:25 UTC] status e9_active=1 e9_final=0 verify_active=1 verify_ckpt=0 all_uploaded=0 redirect_uploaded=0 verify_uploaded=0 eval_free=2,3 e3_step=380/1030
[2026-04-01 15:13:44 UTC] status e9_active=1 e9_final=0 verify_active=0 verify_ckpt=1 all_uploaded=0 redirect_uploaded=0 verify_uploaded=0 eval_free=2,3 e3_step=380/1030
[2026-04-01 15:13:47 UTC] started HF upload for behavior_verify_sft
[2026-04-01 15:16:59 UTC] status e9_active=1 e9_final=0 verify_active=0 verify_ckpt=1 all_uploaded=0 redirect_uploaded=0 verify_uploaded=0 eval_free=2,3 e3_step=380/1030
[2026-04-01 15:20:09 UTC] status e9_active=1 e9_final=0 verify_active=0 verify_ckpt=1 all_uploaded=0 redirect_uploaded=0 verify_uploaded=0 eval_free=2,3 e3_step=380/1030
[2026-04-01 15:23:20 UTC] status e9_active=1 e9_final=0 verify_active=0 verify_ckpt=1 all_uploaded=0 redirect_uploaded=0 verify_uploaded=0 eval_free=2,3 e3_step=380/1030
[2026-04-01 15:26:30 UTC] status e9_active=1 e9_final=0 verify_active=0 verify_ckpt=1 all_uploaded=0 redirect_uploaded=0 verify_uploaded=0 eval_free=3 e3_step=390/1030
[2026-04-01 15:29:41 UTC] status e9_active=1 e9_final=0 verify_active=0 verify_ckpt=1 all_uploaded=0 redirect_uploaded=0 verify_uploaded=0 eval_free=3 e3_step=390/1030
[2026-04-01 15:32:53 UTC] status e9_active=1 e9_final=0 verify_active=0 verify_ckpt=1 all_uploaded=0 redirect_uploaded=0 verify_uploaded=0 eval_free=3 e3_step=390/1030
[2026-04-01 15:36:04 UTC] status e9_active=1 e9_final=0 verify_active=0 verify_ckpt=1 all_uploaded=0 redirect_uploaded=0 verify_uploaded=0 eval_free=3 e3_step=390/1030
[2026-04-01 15:39:15 UTC] status e9_active=1 e9_final=0 verify_active=0 verify_ckpt=1 all_uploaded=0 redirect_uploaded=0 verify_uploaded=0 eval_free=3 e3_step=390/1030
[2026-04-01 15:42:25 UTC] status e9_active=1 e9_final=0 verify_active=0 verify_ckpt=1 all_uploaded=0 redirect_uploaded=0 verify_uploaded=0 eval_free=3 e3_step=390/1030
[2026-04-01 15:45:36 UTC] status e9_active=1 e9_final=0 verify_active=0 verify_ckpt=1 all_uploaded=0 redirect_uploaded=0 verify_uploaded=0 eval_free=3 e3_step=390/1030
[2026-04-01 15:48:46 UTC] status e9_active=1 e9_final=0 verify_active=0 verify_ckpt=1 all_uploaded=0 redirect_uploaded=0 verify_uploaded=0 eval_free=3 e3_step=390/1030
[2026-04-01 15:51:57 UTC] status e9_active=1 e9_final=0 verify_active=0 verify_ckpt=1 all_uploaded=0 redirect_uploaded=0 verify_uploaded=0 eval_free=3 e3_step=400/1030
[2026-04-01 15:55:08 UTC] status e9_active=1 e9_final=0 verify_active=0 verify_ckpt=1 all_uploaded=0 redirect_uploaded=0 verify_uploaded=0 eval_free=3 e3_step=400/1030
[2026-04-01 15:58:18 UTC] status e9_active=1 e9_final=0 verify_active=0 verify_ckpt=1 all_uploaded=0 redirect_uploaded=0 verify_uploaded=0 eval_free=3 e3_step=400/1030
[2026-04-01 16:01:29 UTC] status e9_active=1 e9_final=0 verify_active=0 verify_ckpt=1 all_uploaded=0 redirect_uploaded=0 verify_uploaded=0 eval_free=3 e3_step=400/1030
[2026-04-01 16:04:40 UTC] status e9_active=1 e9_final=0 verify_active=0 verify_ckpt=1 all_uploaded=0 redirect_uploaded=0 verify_uploaded=0 eval_free=3 e3_step=400/1030
[2026-04-01 16:07:51 UTC] status e9_active=1 e9_final=0 verify_active=0 verify_ckpt=1 all_uploaded=0 redirect_uploaded=0 verify_uploaded=0 eval_free=3 e3_step=400/1030
[2026-04-01 16:11:02 UTC] status e9_active=1 e9_final=0 verify_active=0 verify_ckpt=1 all_uploaded=0 redirect_uploaded=0 verify_uploaded=0 eval_free=3 e3_step=400/1030
[2026-04-01 16:14:13 UTC] status e9_active=1 e9_final=0 verify_active=0 verify_ckpt=1 all_uploaded=0 redirect_uploaded=0 verify_uploaded=0 eval_free=3 e3_step=400/1030
[2026-04-01 16:17:24 UTC] status e9_active=1 e9_final=0 verify_active=0 verify_ckpt=1 all_uploaded=0 redirect_uploaded=0 verify_uploaded=0 eval_free=3 e3_step=410/1030
[2026-04-01 16:20:35 UTC] status e9_active=1 e9_final=0 verify_active=0 verify_ckpt=1 all_uploaded=0 redirect_uploaded=0 verify_uploaded=0 eval_free=3 e3_step=410/1030
[2026-04-01 16:23:46 UTC] status e9_active=1 e9_final=0 verify_active=0 verify_ckpt=1 all_uploaded=0 redirect_uploaded=0 verify_uploaded=0 eval_free=3 e3_step=410/1030
[2026-04-01 16:26:56 UTC] status e9_active=1 e9_final=0 verify_active=0 verify_ckpt=1 all_uploaded=0 redirect_uploaded=0 verify_uploaded=0 eval_free=3 e3_step=410/1030
[2026-04-01 16:30:07 UTC] status e9_active=1 e9_final=0 verify_active=0 verify_ckpt=1 all_uploaded=0 redirect_uploaded=0 verify_uploaded=0 eval_free=3 e3_step=410/1030
[2026-04-01 16:33:18 UTC] status e9_active=1 e9_final=0 verify_active=0 verify_ckpt=1 all_uploaded=0 redirect_uploaded=0 verify_uploaded=0 eval_free=3 e3_step=410/1030
[2026-04-01 16:36:28 UTC] status e9_active=1 e9_final=0 verify_active=0 verify_ckpt=1 all_uploaded=0 redirect_uploaded=0 verify_uploaded=0 eval_free=3 e3_step=410/1030
[2026-04-01 16:39:39 UTC] status e9_active=1 e9_final=0 verify_active=0 verify_ckpt=1 all_uploaded=0 redirect_uploaded=0 verify_uploaded=0 eval_free=3 e3_step=410/1030
[2026-04-01 16:42:49 UTC] status e9_active=1 e9_final=0 verify_active=0 verify_ckpt=1 all_uploaded=0 redirect_uploaded=0 verify_uploaded=0 eval_free=3 e3_step=410/1030
[2026-04-01 16:45:59 UTC] status e9_active=1 e9_final=0 verify_active=0 verify_ckpt=1 all_uploaded=0 redirect_uploaded=0 verify_uploaded=0 eval_free=3 e3_step=420/1030
[2026-04-01 16:49:09 UTC] status e9_active=1 e9_final=0 verify_active=0 verify_ckpt=1 all_uploaded=0 redirect_uploaded=0 verify_uploaded=0 eval_free=3 e3_step=420/1030
[2026-04-01 16:52:19 UTC] status e9_active=1 e9_final=0 verify_active=0 verify_ckpt=1 all_uploaded=0 redirect_uploaded=0 verify_uploaded=0 eval_free=3 e3_step=420/1030
[2026-04-01 16:55:29 UTC] status e9_active=1 e9_final=0 verify_active=0 verify_ckpt=1 all_uploaded=0 redirect_uploaded=0 verify_uploaded=0 eval_free=3 e3_step=420/1030
[2026-04-01 16:58:39 UTC] status e9_active=1 e9_final=0 verify_active=0 verify_ckpt=1 all_uploaded=0 redirect_uploaded=0 verify_uploaded=0 eval_free=3 e3_step=420/1030
[2026-04-01 17:01:50 UTC] status e9_active=1 e9_final=0 verify_active=0 verify_ckpt=1 all_uploaded=0 redirect_uploaded=0 verify_uploaded=0 eval_free=3 e3_step=420/1030
[2026-04-01 17:05:00 UTC] status e9_active=1 e9_final=0 verify_active=0 verify_ckpt=1 all_uploaded=0 redirect_uploaded=0 verify_uploaded=0 eval_free=3 e3_step=420/1030
[2026-04-01 17:08:11 UTC] status e9_active=1 e9_final=0 verify_active=0 verify_ckpt=1 all_uploaded=0 redirect_uploaded=0 verify_uploaded=0 eval_free=3 e3_step=420/1030
[2026-04-01 17:11:21 UTC] status e9_active=1 e9_final=0 verify_active=0 verify_ckpt=1 all_uploaded=0 redirect_uploaded=0 verify_uploaded=0 eval_free=3 e3_step=430/1030
[2026-04-01 17:14:32 UTC] status e9_active=1 e9_final=0 verify_active=0 verify_ckpt=1 all_uploaded=0 redirect_uploaded=0 verify_uploaded=0 eval_free=3 e3_step=430/1030
[2026-04-01 17:17:40 UTC] status e9_active=1 e9_final=0 verify_active=0 verify_ckpt=1 all_uploaded=0 redirect_uploaded=0 verify_uploaded=0 eval_free=3 e3_step=430/1030
[2026-04-01 17:20:47 UTC] status e9_active=1 e9_final=0 verify_active=0 verify_ckpt=1 all_uploaded=0 redirect_uploaded=0 verify_uploaded=0 eval_free=3 e3_step=430/1030
[2026-04-01 17:23:55 UTC] status e9_active=1 e9_final=0 verify_active=0 verify_ckpt=1 all_uploaded=0 redirect_uploaded=0 verify_uploaded=0 eval_free=3 e3_step=430/1030
[2026-04-01 17:27:02 UTC] status e9_active=1 e9_final=0 verify_active=0 verify_ckpt=1 all_uploaded=0 redirect_uploaded=0 verify_uploaded=0 eval_free=3 e3_step=430/1030
[2026-04-01 17:30:10 UTC] status e9_active=1 e9_final=0 verify_active=0 verify_ckpt=1 all_uploaded=0 redirect_uploaded=0 verify_uploaded=0 eval_free=3 e3_step=430/1030
[2026-04-01 17:33:17 UTC] status e9_active=1 e9_final=0 verify_active=0 verify_ckpt=1 all_uploaded=0 redirect_uploaded=0 verify_uploaded=0 eval_free=3 e3_step=430/1030
[2026-04-01 17:36:25 UTC] status e9_active=1 e9_final=0 verify_active=0 verify_ckpt=1 all_uploaded=0 redirect_uploaded=0 verify_uploaded=0 eval_free=3 e3_step=440/1030
[2026-04-01 17:39:32 UTC] status e9_active=1 e9_final=0 verify_active=0 verify_ckpt=1 all_uploaded=0 redirect_uploaded=0 verify_uploaded=0 eval_free=3 e3_step=440/1030
[2026-04-01 17:42:39 UTC] status e9_active=1 e9_final=0 verify_active=0 verify_ckpt=1 all_uploaded=0 redirect_uploaded=0 verify_uploaded=0 eval_free=3 e3_step=440/1030
[2026-04-01 17:45:47 UTC] status e9_active=1 e9_final=0 verify_active=0 verify_ckpt=1 all_uploaded=0 redirect_uploaded=0 verify_uploaded=0 eval_free=3 e3_step=440/1030
[2026-04-01 17:48:54 UTC] status e9_active=1 e9_final=0 verify_active=0 verify_ckpt=1 all_uploaded=0 redirect_uploaded=0 verify_uploaded=0 eval_free=3 e3_step=440/1030
[2026-04-01 17:52:01 UTC] status e9_active=1 e9_final=0 verify_active=0 verify_ckpt=1 all_uploaded=0 redirect_uploaded=0 verify_uploaded=0 eval_free=3 e3_step=440/1030
[2026-04-01 17:55:09 UTC] status e9_active=1 e9_final=0 verify_active=0 verify_ckpt=1 all_uploaded=0 redirect_uploaded=0 verify_uploaded=0 eval_free=3 e3_step=440/1030
[2026-04-01 17:58:16 UTC] status e9_active=1 e9_final=0 verify_active=0 verify_ckpt=1 all_uploaded=0 redirect_uploaded=0 verify_uploaded=0 eval_free=3 e3_step=440/1030
[2026-04-01 18:01:24 UTC] status e9_active=1 e9_final=0 verify_active=0 verify_ckpt=1 all_uploaded=0 redirect_uploaded=0 verify_uploaded=0 eval_free=3 e3_step=450/1030
[2026-04-01 18:04:31 UTC] status e9_active=1 e9_final=0 verify_active=0 verify_ckpt=1 all_uploaded=0 redirect_uploaded=0 verify_uploaded=0 eval_free=3 e3_step=450/1030
[2026-04-01 18:07:39 UTC] status e9_active=1 e9_final=0 verify_active=0 verify_ckpt=1 all_uploaded=0 redirect_uploaded=0 verify_uploaded=0 eval_free=3 e3_step=450/1030
[2026-04-01 18:10:46 UTC] status e9_active=1 e9_final=0 verify_active=0 verify_ckpt=1 all_uploaded=0 redirect_uploaded=0 verify_uploaded=0 eval_free=3 e3_step=450/1030
[2026-04-01 18:13:54 UTC] status e9_active=1 e9_final=0 verify_active=0 verify_ckpt=1 all_uploaded=0 redirect_uploaded=0 verify_uploaded=0 eval_free=3 e3_step=450/1030
[2026-04-01 18:17:01 UTC] status e9_active=1 e9_final=0 verify_active=0 verify_ckpt=1 all_uploaded=0 redirect_uploaded=0 verify_uploaded=0 eval_free=3 e3_step=450/1030
[2026-04-01 18:20:09 UTC] status e9_active=1 e9_final=0 verify_active=0 verify_ckpt=1 all_uploaded=0 redirect_uploaded=0 verify_uploaded=0 eval_free=3 e3_step=450/1030
[2026-04-01 18:23:16 UTC] status e9_active=1 e9_final=0 verify_active=0 verify_ckpt=1 all_uploaded=0 redirect_uploaded=0 verify_uploaded=0 eval_free=3 e3_step=450/1030
[2026-04-01 18:26:24 UTC] status e9_active=1 e9_final=0 verify_active=0 verify_ckpt=1 all_uploaded=0 redirect_uploaded=0 verify_uploaded=0 eval_free=3 e3_step=450/1030
[2026-04-01 18:29:31 UTC] status e9_active=1 e9_final=0 verify_active=0 verify_ckpt=1 all_uploaded=0 redirect_uploaded=0 verify_uploaded=0 eval_free=3 e3_step=460/1030
[2026-04-01 18:32:39 UTC] status e9_active=1 e9_final=0 verify_active=0 verify_ckpt=1 all_uploaded=0 redirect_uploaded=0 verify_uploaded=0 eval_free=3 e3_step=460/1030
[2026-04-01 18:35:46 UTC] status e9_active=1 e9_final=0 verify_active=0 verify_ckpt=1 all_uploaded=0 redirect_uploaded=0 verify_uploaded=0 eval_free=3 e3_step=460/1030
[2026-04-01 18:38:54 UTC] status e9_active=1 e9_final=0 verify_active=0 verify_ckpt=1 all_uploaded=0 redirect_uploaded=0 verify_uploaded=0 eval_free=0,3 e3_step=460/1030
[2026-04-01 18:42:01 UTC] status e9_active=1 e9_final=0 verify_active=0 verify_ckpt=1 all_uploaded=0 redirect_uploaded=0 verify_uploaded=0 eval_free=0,3 e3_step=460/1030
[2026-04-01 18:45:09 UTC] status e9_active=1 e9_final=0 verify_active=0 verify_ckpt=1 all_uploaded=0 redirect_uploaded=0 verify_uploaded=0 eval_free=0,3 e3_step=460/1030
[2026-04-01 18:48:16 UTC] status e9_active=1 e9_final=0 verify_active=0 verify_ckpt=1 all_uploaded=0 redirect_uploaded=0 verify_uploaded=0 eval_free=0,3 e3_step=460/1030
[2026-04-01 18:51:24 UTC] status e9_active=1 e9_final=0 verify_active=0 verify_ckpt=1 all_uploaded=0 redirect_uploaded=0 verify_uploaded=0 eval_free=0,3 e3_step=460/1030
[2026-04-01 18:54:31 UTC] status e9_active=1 e9_final=0 verify_active=0 verify_ckpt=1 all_uploaded=0 redirect_uploaded=0 verify_uploaded=0 eval_free=0,1,3 e3_step=470/1030
[2026-04-01 18:57:38 UTC] status e9_active=1 e9_final=0 verify_active=0 verify_ckpt=1 all_uploaded=0 redirect_uploaded=0 verify_uploaded=0 eval_free=0,1,3 e3_step=470/1030
[2026-04-01 19:00:46 UTC] status e9_active=1 e9_final=0 verify_active=0 verify_ckpt=1 all_uploaded=0 redirect_uploaded=0 verify_uploaded=0 eval_free=0,1,3 e3_step=470/1030
[2026-04-01 19:03:54 UTC] status e9_active=1 e9_final=0 verify_active=0 verify_ckpt=1 all_uploaded=0 redirect_uploaded=0 verify_uploaded=0 eval_free=0,1,3 e3_step=470/1030
[2026-04-01 19:07:01 UTC] status e9_active=1 e9_final=0 verify_active=0 verify_ckpt=1 all_uploaded=0 redirect_uploaded=0 verify_uploaded=0 eval_free=0,1,3 e3_step=470/1030
[2026-04-01 19:10:09 UTC] status e9_active=1 e9_final=0 verify_active=0 verify_ckpt=1 all_uploaded=0 redirect_uploaded=0 verify_uploaded=0 eval_free=0,1,3 e3_step=470/1030
[2026-04-01 19:13:17 UTC] status e9_active=1 e9_final=0 verify_active=0 verify_ckpt=1 all_uploaded=0 redirect_uploaded=0 verify_uploaded=0 eval_free=0,1,3 e3_step=470/1030
[2026-04-01 19:16:24 UTC] status e9_active=1 e9_final=0 verify_active=0 verify_ckpt=1 all_uploaded=0 redirect_uploaded=0 verify_uploaded=0 eval_free=0,1,3 e3_step=470/1030
[2026-04-01 19:19:32 UTC] status e9_active=1 e9_final=0 verify_active=0 verify_ckpt=1 all_uploaded=0 redirect_uploaded=0 verify_uploaded=0 eval_free=0,1,3 e3_step=480/1030
[2026-04-01 19:22:40 UTC] status e9_active=1 e9_final=0 verify_active=0 verify_ckpt=1 all_uploaded=0 redirect_uploaded=0 verify_uploaded=0 eval_free=0,1,3 e3_step=480/1030
[2026-04-01 19:25:47 UTC] status e9_active=1 e9_final=0 verify_active=0 verify_ckpt=1 all_uploaded=0 redirect_uploaded=0 verify_uploaded=0 eval_free=0,1,3 e3_step=480/1030
[2026-04-01 19:28:55 UTC] status e9_active=1 e9_final=0 verify_active=0 verify_ckpt=1 all_uploaded=0 redirect_uploaded=0 verify_uploaded=0 eval_free=0,1,3 e3_step=480/1030
[2026-04-01 19:32:03 UTC] status e9_active=1 e9_final=0 verify_active=0 verify_ckpt=1 all_uploaded=0 redirect_uploaded=0 verify_uploaded=0 eval_free=0,1,3 e3_step=480/1030
[2026-04-01 19:35:10 UTC] status e9_active=1 e9_final=0 verify_active=0 verify_ckpt=1 all_uploaded=0 redirect_uploaded=0 verify_uploaded=0 eval_free=0,1,3 e3_step=480/1030
[2026-04-01 19:38:18 UTC] status e9_active=1 e9_final=0 verify_active=0 verify_ckpt=1 all_uploaded=0 redirect_uploaded=0 verify_uploaded=0 eval_free=0,1,3 e3_step=480/1030
[2026-04-01 19:41:25 UTC] status e9_active=1 e9_final=0 verify_active=0 verify_ckpt=1 all_uploaded=0 redirect_uploaded=0 verify_uploaded=0 eval_free=0,1,3 e3_step=480/1030
[2026-04-01 19:44:33 UTC] status e9_active=1 e9_final=0 verify_active=0 verify_ckpt=1 all_uploaded=0 redirect_uploaded=0 verify_uploaded=0 eval_free=0,1,3 e3_step=480/1030
[2026-04-01 19:47:41 UTC] status e9_active=1 e9_final=0 verify_active=0 verify_ckpt=1 all_uploaded=0 redirect_uploaded=0 verify_uploaded=0 eval_free=0,1,3 e3_step=490/1030
[2026-04-01 19:50:48 UTC] status e9_active=1 e9_final=0 verify_active=0 verify_ckpt=1 all_uploaded=0 redirect_uploaded=0 verify_uploaded=0 eval_free=0,1,3 e3_step=490/1030
[2026-04-01 19:53:56 UTC] status e9_active=1 e9_final=0 verify_active=0 verify_ckpt=1 all_uploaded=0 redirect_uploaded=0 verify_uploaded=0 eval_free=0,1,3 e3_step=490/1030
[2026-04-01 19:57:03 UTC] status e9_active=1 e9_final=0 verify_active=0 verify_ckpt=1 all_uploaded=0 redirect_uploaded=0 verify_uploaded=0 eval_free=0,1,3 e3_step=490/1030
[2026-04-01 20:00:11 UTC] status e9_active=1 e9_final=0 verify_active=0 verify_ckpt=1 all_uploaded=0 redirect_uploaded=0 verify_uploaded=0 eval_free=0,1,3 e3_step=490/1030
[2026-04-01 20:03:19 UTC] status e9_active=1 e9_final=0 verify_active=0 verify_ckpt=1 all_uploaded=0 redirect_uploaded=0 verify_uploaded=0 eval_free=0,1,3 e3_step=490/1030
[2026-04-01 20:06:26 UTC] status e9_active=1 e9_final=0 verify_active=0 verify_ckpt=1 all_uploaded=0 redirect_uploaded=0 verify_uploaded=0 eval_free=0,1,3 e3_step=490/1030
[2026-04-01 20:09:34 UTC] status e9_active=1 e9_final=0 verify_active=0 verify_ckpt=1 all_uploaded=0 redirect_uploaded=0 verify_uploaded=0 eval_free=0,1,3 e3_step=490/1030
[2026-04-01 20:12:41 UTC] status e9_active=1 e9_final=0 verify_active=0 verify_ckpt=1 all_uploaded=0 redirect_uploaded=0 verify_uploaded=0 eval_free=0,1,3 e3_step=500/1030
[2026-04-01 20:15:50 UTC] status e9_active=0 e9_final=1 verify_active=0 verify_ckpt=1 all_uploaded=0 redirect_uploaded=0 verify_uploaded=0 eval_free=0,1,3 e3_step=500/1030
[2026-04-01 20:18:58 UTC] status e9_active=0 e9_final=1 verify_active=0 verify_ckpt=1 all_uploaded=0 redirect_uploaded=0 verify_uploaded=0 eval_free=0,1,2,3 e3_step=500/1030
[2026-04-01 20:22:06 UTC] status e9_active=0 e9_final=1 verify_active=0 verify_ckpt=1 all_uploaded=0 redirect_uploaded=0 verify_uploaded=0 eval_free=0,1,2,3 e3_step=500/1030
[2026-04-01 20:25:13 UTC] status e9_active=0 e9_final=1 verify_active=0 verify_ckpt=1 all_uploaded=0 redirect_uploaded=0 verify_uploaded=0 eval_free=0,1,2,3 e3_step=500/1030
[2026-04-01 20:28:21 UTC] status e9_active=0 e9_final=1 verify_active=0 verify_ckpt=1 all_uploaded=0 redirect_uploaded=0 verify_uploaded=0 eval_free=0,1,2,3 e3_step=500/1030
[2026-04-01 20:31:29 UTC] status e9_active=0 e9_final=1 verify_active=0 verify_ckpt=1 all_uploaded=0 redirect_uploaded=0 verify_uploaded=0 eval_free=0,1,2,3 e3_step=500/1030
[2026-04-01 20:34:36 UTC] status e9_active=0 e9_final=1 verify_active=0 verify_ckpt=1 all_uploaded=0 redirect_uploaded=0 verify_uploaded=0 eval_free=0,1,2,3 e3_step=500/1030
[2026-04-01 20:37:44 UTC] status e9_active=0 e9_final=1 verify_active=0 verify_ckpt=1 all_uploaded=0 redirect_uploaded=0 verify_uploaded=0 eval_free=0,1,2,3 e3_step=510/1030
[2026-04-01 20:40:51 UTC] status e9_active=0 e9_final=1 verify_active=0 verify_ckpt=1 all_uploaded=0 redirect_uploaded=0 verify_uploaded=0 eval_free=0,1,2,3 e3_step=510/1030
[2026-04-01 20:43:59 UTC] status e9_active=0 e9_final=1 verify_active=0 verify_ckpt=1 all_uploaded=0 redirect_uploaded=0 verify_uploaded=0 eval_free=0,1,2,3 e3_step=510/1030
[2026-04-01 20:47:08 UTC] status e9_active=0 e9_final=1 verify_active=0 verify_ckpt=1 all_uploaded=0 redirect_uploaded=0 verify_uploaded=0 eval_free=0,1,2,3 e3_step=510/1030
[2026-04-01 20:50:16 UTC] status e9_active=0 e9_final=1 verify_active=0 verify_ckpt=1 all_uploaded=0 redirect_uploaded=0 verify_uploaded=0 eval_free=0,1,2,3 e3_step=510/1030
[2026-04-01 20:53:23 UTC] status e9_active=0 e9_final=1 verify_active=0 verify_ckpt=1 all_uploaded=0 redirect_uploaded=0 verify_uploaded=0 eval_free=0,1,2,3 e3_step=510/1030
[2026-04-01 20:56:31 UTC] status e9_active=0 e9_final=1 verify_active=0 verify_ckpt=1 all_uploaded=0 redirect_uploaded=0 verify_uploaded=0 eval_free=0,1,2,3 e3_step=510/1030
[2026-04-01 20:59:39 UTC] status e9_active=0 e9_final=1 verify_active=0 verify_ckpt=1 all_uploaded=0 redirect_uploaded=0 verify_uploaded=0 eval_free=0,1,2,3 e3_step=510/1030
[2026-04-01 21:02:47 UTC] status e9_active=0 e9_final=1 verify_active=0 verify_ckpt=1 all_uploaded=0 redirect_uploaded=0 verify_uploaded=0 eval_free=0,1,2,3 e3_step=510/1030
[2026-04-01 21:05:54 UTC] status e9_active=0 e9_final=1 verify_active=0 verify_ckpt=1 all_uploaded=0 redirect_uploaded=0 verify_uploaded=0 eval_free=0,1,2,3 e3_step=520/1030
[2026-04-01 21:09:02 UTC] status e9_active=0 e9_final=1 verify_active=0 verify_ckpt=1 all_uploaded=0 redirect_uploaded=0 verify_uploaded=0 eval_free=0,1,2,3 e3_step=520/1030
[2026-04-01 21:12:10 UTC] status e9_active=0 e9_final=1 verify_active=0 verify_ckpt=1 all_uploaded=0 redirect_uploaded=0 verify_uploaded=0 eval_free=0,1,2,3 e3_step=520/1030
[2026-04-01 21:15:18 UTC] status e9_active=0 e9_final=1 verify_active=0 verify_ckpt=1 all_uploaded=0 redirect_uploaded=0 verify_uploaded=0 eval_free=0,1,2,3 e3_step=520/1030
[2026-04-01 21:18:26 UTC] status e9_active=0 e9_final=1 verify_active=0 verify_ckpt=1 all_uploaded=0 redirect_uploaded=0 verify_uploaded=0 eval_free=0,1,2,3 e3_step=520/1030
[2026-04-01 21:21:33 UTC] status e9_active=0 e9_final=1 verify_active=0 verify_ckpt=1 all_uploaded=0 redirect_uploaded=0 verify_uploaded=0 eval_free=0,1,2,3 e3_step=520/1030
[2026-04-01 21:24:41 UTC] status e9_active=0 e9_final=1 verify_active=0 verify_ckpt=1 all_uploaded=0 redirect_uploaded=0 verify_uploaded=0 eval_free=0,1,2,3 e3_step=520/1030
[2026-04-01 21:27:49 UTC] status e9_active=0 e9_final=1 verify_active=0 verify_ckpt=1 all_uploaded=0 redirect_uploaded=0 verify_uploaded=0 eval_free=0,1,2,3 e3_step=520/1030
[2026-04-01 21:30:57 UTC] status e9_active=0 e9_final=1 verify_active=0 verify_ckpt=1 all_uploaded=0 redirect_uploaded=0 verify_uploaded=0 eval_free=0,1,2,3 e3_step=530/1030
[2026-04-01 21:34:04 UTC] status e9_active=0 e9_final=1 verify_active=0 verify_ckpt=1 all_uploaded=0 redirect_uploaded=0 verify_uploaded=0 eval_free=0,1,2,3 e3_step=530/1030
[2026-04-01 21:37:12 UTC] status e9_active=0 e9_final=1 verify_active=0 verify_ckpt=1 all_uploaded=0 redirect_uploaded=0 verify_uploaded=0 eval_free=0,1,2,3 e3_step=530/1030
[2026-04-01 21:40:20 UTC] status e9_active=0 e9_final=1 verify_active=0 verify_ckpt=1 all_uploaded=0 redirect_uploaded=0 verify_uploaded=0 eval_free=0,1,2,3 e3_step=530/1030
[2026-04-01 21:43:27 UTC] status e9_active=0 e9_final=1 verify_active=0 verify_ckpt=1 all_uploaded=0 redirect_uploaded=0 verify_uploaded=0 eval_free=0,1,2,3 e3_step=530/1030
[2026-04-01 21:46:35 UTC] status e9_active=0 e9_final=1 verify_active=0 verify_ckpt=1 all_uploaded=0 redirect_uploaded=0 verify_uploaded=0 eval_free=0,1,2,3 e3_step=530/1030
[2026-04-01 21:49:43 UTC] status e9_active=0 e9_final=1 verify_active=0 verify_ckpt=1 all_uploaded=0 redirect_uploaded=0 verify_uploaded=0 eval_free=0,1,2,3 e3_step=530/1030
[2026-04-01 21:52:51 UTC] status e9_active=0 e9_final=1 verify_active=0 verify_ckpt=1 all_uploaded=0 redirect_uploaded=0 verify_uploaded=0 eval_free=0,1,2,3 e3_step=530/1030
[2026-04-01 21:55:59 UTC] status e9_active=0 e9_final=1 verify_active=0 verify_ckpt=1 all_uploaded=0 redirect_uploaded=0 verify_uploaded=0 eval_free=0,1,2,3 e3_step=530/1030
[2026-04-01 21:59:07 UTC] status e9_active=0 e9_final=1 verify_active=0 verify_ckpt=1 all_uploaded=0 redirect_uploaded=0 verify_uploaded=0 eval_free=0,1,2,3 e3_step=540/1030
[2026-04-01 22:02:14 UTC] status e9_active=0 e9_final=1 verify_active=0 verify_ckpt=1 all_uploaded=0 redirect_uploaded=0 verify_uploaded=0 eval_free=0,1,2,3 e3_step=540/1030
[2026-04-01 22:05:21 UTC] status e9_active=0 e9_final=1 verify_active=0 verify_ckpt=1 all_uploaded=0 redirect_uploaded=0 verify_uploaded=0 eval_free=0,1,2,3 e3_step=540/1030
[2026-04-01 22:08:28 UTC] status e9_active=0 e9_final=1 verify_active=0 verify_ckpt=1 all_uploaded=0 redirect_uploaded=0 verify_uploaded=0 eval_free=0,1,2,3 e3_step=540/1030
[2026-04-01 22:11:35 UTC] status e9_active=0 e9_final=1 verify_active=0 verify_ckpt=1 all_uploaded=0 redirect_uploaded=0 verify_uploaded=0 eval_free=0,1,2,3 e3_step=540/1030
[2026-04-01 22:14:43 UTC] status e9_active=0 e9_final=1 verify_active=0 verify_ckpt=1 all_uploaded=0 redirect_uploaded=0 verify_uploaded=0 eval_free=0,1,2,3 e3_step=540/1030
[2026-04-01 22:17:50 UTC] status e9_active=0 e9_final=1 verify_active=0 verify_ckpt=1 all_uploaded=0 redirect_uploaded=0 verify_uploaded=0 eval_free=0,1,2,3 e3_step=540/1030
[2026-04-01 22:20:57 UTC] status e9_active=0 e9_final=1 verify_active=0 verify_ckpt=1 all_uploaded=0 redirect_uploaded=0 verify_uploaded=0 eval_free=0,1,2,3 e3_step=540/1030
[2026-04-01 22:24:04 UTC] status e9_active=0 e9_final=1 verify_active=0 verify_ckpt=1 all_uploaded=0 redirect_uploaded=0 verify_uploaded=0 eval_free=0,1,2,3 e3_step=550/1030
[2026-04-01 22:27:11 UTC] status e9_active=0 e9_final=1 verify_active=0 verify_ckpt=1 all_uploaded=0 redirect_uploaded=0 verify_uploaded=0 eval_free=0,1,2,3 e3_step=550/1030
[2026-04-01 22:30:21 UTC] status e9_active=0 e9_final=1 verify_active=0 verify_ckpt=1 all_uploaded=0 redirect_uploaded=0 verify_uploaded=0 eval_free=0,1,2,3 e3_step=550/1030
[2026-04-01 22:33:28 UTC] status e9_active=0 e9_final=1 verify_active=0 verify_ckpt=1 all_uploaded=0 redirect_uploaded=0 verify_uploaded=0 eval_free=0,1,2,3 e3_step=550/1030
[2026-04-01 22:36:35 UTC] status e9_active=0 e9_final=1 verify_active=0 verify_ckpt=1 all_uploaded=0 redirect_uploaded=0 verify_uploaded=0 eval_free=0,1,2,3 e3_step=550/1030
[2026-04-01 22:39:43 UTC] status e9_active=0 e9_final=1 verify_active=0 verify_ckpt=1 all_uploaded=0 redirect_uploaded=0 verify_uploaded=0 eval_free=0,1,2,3 e3_step=550/1030
[2026-04-01 22:42:50 UTC] status e9_active=0 e9_final=1 verify_active=0 verify_ckpt=1 all_uploaded=0 redirect_uploaded=0 verify_uploaded=0 eval_free=0,1,2,3 e3_step=550/1030
[2026-04-01 22:45:57 UTC] status e9_active=0 e9_final=1 verify_active=0 verify_ckpt=1 all_uploaded=0 redirect_uploaded=0 verify_uploaded=0 eval_free=0,1,2,3 e3_step=550/1030
[2026-04-01 22:49:04 UTC] status e9_active=0 e9_final=1 verify_active=0 verify_ckpt=1 all_uploaded=0 redirect_uploaded=0 verify_uploaded=0 eval_free=0,1,2,3 e3_step=550/1030
[2026-04-01 22:52:12 UTC] status e9_active=0 e9_final=1 verify_active=0 verify_ckpt=1 all_uploaded=0 redirect_uploaded=0 verify_uploaded=0 eval_free=0,1,2,3 e3_step=560/1030
[2026-04-01 22:55:20 UTC] status e9_active=0 e9_final=1 verify_active=0 verify_ckpt=1 all_uploaded=0 redirect_uploaded=0 verify_uploaded=0 eval_free=0,1,2,3 e3_step=560/1030
[2026-04-01 22:58:27 UTC] status e9_active=0 e9_final=1 verify_active=0 verify_ckpt=1 all_uploaded=0 redirect_uploaded=0 verify_uploaded=0 eval_free=0,1,2,3 e3_step=560/1030
[2026-04-01 23:01:34 UTC] status e9_active=0 e9_final=1 verify_active=0 verify_ckpt=1 all_uploaded=0 redirect_uploaded=0 verify_uploaded=0 eval_free=0,1,2,3 e3_step=560/1030
[2026-04-01 23:04:42 UTC] status e9_active=0 e9_final=1 verify_active=0 verify_ckpt=1 all_uploaded=0 redirect_uploaded=0 verify_uploaded=0 eval_free=0,1,2,3 e3_step=560/1030
[2026-04-01 23:07:49 UTC] status e9_active=0 e9_final=1 verify_active=0 verify_ckpt=1 all_uploaded=0 redirect_uploaded=0 verify_uploaded=0 eval_free=0,1,2,3 e3_step=560/1030
[2026-04-01 23:10:57 UTC] status e9_active=0 e9_final=1 verify_active=0 verify_ckpt=1 all_uploaded=0 redirect_uploaded=0 verify_uploaded=0 eval_free=0,1,2,3 e3_step=560/1030
[2026-04-01 23:14:04 UTC] status e9_active=0 e9_final=1 verify_active=0 verify_ckpt=1 all_uploaded=0 redirect_uploaded=0 verify_uploaded=0 eval_free=0,1,2,3 e3_step=560/1030
[2026-04-01 23:17:12 UTC] status e9_active=0 e9_final=1 verify_active=0 verify_ckpt=1 all_uploaded=0 redirect_uploaded=0 verify_uploaded=0 eval_free=0,1,2,3 e3_step=570/1030
[2026-04-01 23:20:19 UTC] status e9_active=0 e9_final=1 verify_active=0 verify_ckpt=1 all_uploaded=0 redirect_uploaded=0 verify_uploaded=0 eval_free=0,1,2,3 e3_step=570/1030
[2026-04-01 23:23:26 UTC] status e9_active=0 e9_final=1 verify_active=0 verify_ckpt=1 all_uploaded=0 redirect_uploaded=0 verify_uploaded=0 eval_free=0,1,2,3 e3_step=570/1030
[2026-04-01 23:26:34 UTC] status e9_active=0 e9_final=1 verify_active=0 verify_ckpt=1 all_uploaded=0 redirect_uploaded=0 verify_uploaded=0 eval_free=0,1,2,3 e3_step=570/1030
[2026-04-01 23:29:41 UTC] status e9_active=0 e9_final=1 verify_active=0 verify_ckpt=1 all_uploaded=0 redirect_uploaded=0 verify_uploaded=0 eval_free=0,1,2,3 e3_step=570/1030
[2026-04-01 23:32:49 UTC] status e9_active=0 e9_final=1 verify_active=0 verify_ckpt=1 all_uploaded=0 redirect_uploaded=0 verify_uploaded=0 eval_free=0,1,2,3 e3_step=570/1030
[2026-04-01 23:35:56 UTC] status e9_active=0 e9_final=1 verify_active=0 verify_ckpt=1 all_uploaded=0 redirect_uploaded=0 verify_uploaded=0 eval_free=0,1,2,3 e3_step=570/1030
[2026-04-01 23:39:04 UTC] status e9_active=0 e9_final=1 verify_active=0 verify_ckpt=1 all_uploaded=0 redirect_uploaded=0 verify_uploaded=0 eval_free=0,1,2,3 e3_step=570/1030
[2026-04-01 23:42:11 UTC] status e9_active=0 e9_final=1 verify_active=0 verify_ckpt=1 all_uploaded=0 redirect_uploaded=0 verify_uploaded=0 eval_free=0,1,2,3 e3_step=580/1030
[2026-04-01 23:45:18 UTC] status e9_active=0 e9_final=1 verify_active=0 verify_ckpt=1 all_uploaded=0 redirect_uploaded=0 verify_uploaded=0 eval_free=0,1,2,3 e3_step=580/1030
[2026-04-01 23:48:26 UTC] status e9_active=0 e9_final=1 verify_active=0 verify_ckpt=1 all_uploaded=0 redirect_uploaded=0 verify_uploaded=0 eval_free=0,1,2,3 e3_step=580/1030
[2026-04-01 23:51:33 UTC] status e9_active=0 e9_final=1 verify_active=0 verify_ckpt=1 all_uploaded=0 redirect_uploaded=0 verify_uploaded=0 eval_free=0,1,2,3 e3_step=580/1030
[2026-04-01 23:54:41 UTC] status e9_active=0 e9_final=1 verify_active=0 verify_ckpt=1 all_uploaded=0 redirect_uploaded=0 verify_uploaded=0 eval_free=0,1,2,3 e3_step=580/1030
[2026-04-01 23:57:48 UTC] status e9_active=0 e9_final=1 verify_active=0 verify_ckpt=1 all_uploaded=0 redirect_uploaded=0 verify_uploaded=0 eval_free=0,1,2,3 e3_step=580/1030
[2026-04-02 00:00:56 UTC] status e9_active=0 e9_final=1 verify_active=0 verify_ckpt=1 all_uploaded=0 redirect_uploaded=0 verify_uploaded=0 eval_free=0,1,2,3 e3_step=580/1030
[2026-04-02 00:04:03 UTC] status e9_active=0 e9_final=1 verify_active=0 verify_ckpt=1 all_uploaded=0 redirect_uploaded=0 verify_uploaded=0 eval_free=0,1,2,3 e3_step=580/1030
[2026-04-02 00:07:10 UTC] status e9_active=0 e9_final=1 verify_active=0 verify_ckpt=1 all_uploaded=0 redirect_uploaded=0 verify_uploaded=0 eval_free=0,1,2,3 e3_step=580/1030
[2026-04-02 00:10:17 UTC] status e9_active=0 e9_final=1 verify_active=0 verify_ckpt=1 all_uploaded=0 redirect_uploaded=0 verify_uploaded=0 eval_free=0,1,2,3 e3_step=590/1030
[2026-04-02 00:13:25 UTC] status e9_active=0 e9_final=1 verify_active=0 verify_ckpt=1 all_uploaded=0 redirect_uploaded=0 verify_uploaded=0 eval_free=0,1,2,3 e3_step=590/1030
[2026-04-02 00:16:32 UTC] status e9_active=0 e9_final=1 verify_active=0 verify_ckpt=1 all_uploaded=0 redirect_uploaded=0 verify_uploaded=0 eval_free=0,1,2,3 e3_step=590/1030
[2026-04-02 00:19:40 UTC] status e9_active=0 e9_final=1 verify_active=0 verify_ckpt=1 all_uploaded=0 redirect_uploaded=0 verify_uploaded=0 eval_free=0,1,2,3 e3_step=590/1030
[2026-04-02 00:22:47 UTC] status e9_active=0 e9_final=1 verify_active=0 verify_ckpt=1 all_uploaded=0 redirect_uploaded=0 verify_uploaded=0 eval_free=0,1,2,3 e3_step=590/1030
[2026-04-02 00:25:55 UTC] status e9_active=0 e9_final=1 verify_active=0 verify_ckpt=1 all_uploaded=0 redirect_uploaded=0 verify_uploaded=0 eval_free=0,1,2,3 e3_step=590/1030
[2026-04-02 00:29:02 UTC] status e9_active=0 e9_final=1 verify_active=0 verify_ckpt=1 all_uploaded=0 redirect_uploaded=0 verify_uploaded=0 eval_free=0,1,2,3 e3_step=590/1030
[2026-04-02 00:32:10 UTC] status e9_active=0 e9_final=1 verify_active=0 verify_ckpt=1 all_uploaded=0 redirect_uploaded=0 verify_uploaded=0 eval_free=0,1,2,3 e3_step=590/1030
[2026-04-02 00:35:17 UTC] status e9_active=0 e9_final=1 verify_active=0 verify_ckpt=1 all_uploaded=0 redirect_uploaded=0 verify_uploaded=0 eval_free=0,1,2,3 e3_step=600/1030
[2026-04-02 00:38:25 UTC] status e9_active=0 e9_final=1 verify_active=0 verify_ckpt=1 all_uploaded=0 redirect_uploaded=0 verify_uploaded=0 eval_free=0,1,2,3 e3_step=600/1030
[2026-04-02 00:41:33 UTC] status e9_active=0 e9_final=1 verify_active=0 verify_ckpt=1 all_uploaded=0 redirect_uploaded=0 verify_uploaded=0 eval_free=0,1,2,3 e3_step=600/1030
[2026-04-02 00:44:40 UTC] status e9_active=0 e9_final=1 verify_active=0 verify_ckpt=1 all_uploaded=0 redirect_uploaded=0 verify_uploaded=0 eval_free=0,1,2,3 e3_step=600/1030
[2026-04-02 00:47:48 UTC] status e9_active=0 e9_final=1 verify_active=0 verify_ckpt=1 all_uploaded=0 redirect_uploaded=0 verify_uploaded=0 eval_free=0,1,2,3 e3_step=600/1030
[2026-04-02 00:50:56 UTC] status e9_active=0 e9_final=1 verify_active=0 verify_ckpt=1 all_uploaded=0 redirect_uploaded=0 verify_uploaded=0 eval_free=0,1,2,3 e3_step=600/1030
[2026-04-02 00:54:03 UTC] status e9_active=0 e9_final=1 verify_active=0 verify_ckpt=1 all_uploaded=0 redirect_uploaded=0 verify_uploaded=0 eval_free=0,1,2,3 e3_step=600/1030
[2026-04-02 00:57:11 UTC] status e9_active=0 e9_final=1 verify_active=0 verify_ckpt=1 all_uploaded=0 redirect_uploaded=0 verify_uploaded=0 eval_free=0,1,2,3 e3_step=600/1030
[2026-04-02 01:00:19 UTC] status e9_active=0 e9_final=1 verify_active=0 verify_ckpt=1 all_uploaded=0 redirect_uploaded=0 verify_uploaded=0 eval_free=0,1,2,3 e3_step=610/1030
[2026-04-02 01:03:26 UTC] status e9_active=0 e9_final=1 verify_active=0 verify_ckpt=1 all_uploaded=0 redirect_uploaded=0 verify_uploaded=0 eval_free=0,1,2,3 e3_step=610/1030
[2026-04-02 01:06:34 UTC] status e9_active=0 e9_final=1 verify_active=0 verify_ckpt=1 all_uploaded=0 redirect_uploaded=0 verify_uploaded=0 eval_free=0,1,2,3 e3_step=610/1030
[2026-04-02 01:09:42 UTC] status e9_active=0 e9_final=1 verify_active=0 verify_ckpt=1 all_uploaded=0 redirect_uploaded=0 verify_uploaded=0 eval_free=0,1,2,3 e3_step=610/1030
[2026-04-02 01:12:50 UTC] status e9_active=0 e9_final=1 verify_active=0 verify_ckpt=1 all_uploaded=0 redirect_uploaded=0 verify_uploaded=0 eval_free=0,1,2,3 e3_step=610/1030
[2026-04-02 01:15:57 UTC] status e9_active=0 e9_final=1 verify_active=0 verify_ckpt=1 all_uploaded=0 redirect_uploaded=0 verify_uploaded=0 eval_free=0,1,2,3 e3_step=610/1030
[2026-04-02 01:19:05 UTC] status e9_active=0 e9_final=1 verify_active=0 verify_ckpt=1 all_uploaded=0 redirect_uploaded=0 verify_uploaded=0 eval_free=0,1,2,3 e3_step=610/1030
[2026-04-02 01:22:13 UTC] status e9_active=0 e9_final=1 verify_active=0 verify_ckpt=1 all_uploaded=0 redirect_uploaded=0 verify_uploaded=0 eval_free=0,1,2,3 e3_step=610/1030
[2026-04-02 01:25:20 UTC] status e9_active=0 e9_final=1 verify_active=0 verify_ckpt=1 all_uploaded=0 redirect_uploaded=0 verify_uploaded=0 eval_free=0,1,2,3 e3_step=620/1030
[2026-04-02 01:28:28 UTC] status e9_active=0 e9_final=1 verify_active=0 verify_ckpt=1 all_uploaded=0 redirect_uploaded=0 verify_uploaded=0 eval_free=0,1,2,3 e3_step=620/1030
[2026-04-02 01:31:36 UTC] status e9_active=0 e9_final=1 verify_active=0 verify_ckpt=1 all_uploaded=0 redirect_uploaded=0 verify_uploaded=0 eval_free=0,1,2,3 e3_step=620/1030
[2026-04-02 01:34:44 UTC] status e9_active=0 e9_final=1 verify_active=0 verify_ckpt=1 all_uploaded=0 redirect_uploaded=0 verify_uploaded=0 eval_free=0,1,2,3 e3_step=620/1030
[2026-04-02 01:37:52 UTC] status e9_active=0 e9_final=1 verify_active=0 verify_ckpt=1 all_uploaded=0 redirect_uploaded=0 verify_uploaded=0 eval_free=0,1,2,3 e3_step=620/1030
[2026-04-02 01:40:59 UTC] status e9_active=0 e9_final=1 verify_active=0 verify_ckpt=1 all_uploaded=0 redirect_uploaded=0 verify_uploaded=0 eval_free=0,1,2,3 e3_step=620/1030
[2026-04-02 01:44:07 UTC] status e9_active=0 e9_final=1 verify_active=0 verify_ckpt=1 all_uploaded=0 redirect_uploaded=0 verify_uploaded=0 eval_free=0,1,2,3 e3_step=620/1030
[2026-04-02 01:47:15 UTC] status e9_active=0 e9_final=1 verify_active=0 verify_ckpt=1 all_uploaded=0 redirect_uploaded=0 verify_uploaded=0 eval_free=0,1,2,3 e3_step=620/1030
[2026-04-02 01:50:22 UTC] status e9_active=0 e9_final=1 verify_active=0 verify_ckpt=1 all_uploaded=0 redirect_uploaded=0 verify_uploaded=0 eval_free=0,1,2,3 e3_step=620/1030
[2026-04-02 01:53:30 UTC] status e9_active=0 e9_final=1 verify_active=0 verify_ckpt=1 all_uploaded=0 redirect_uploaded=0 verify_uploaded=0 eval_free=0,1,2,3 e3_step=630/1030
[2026-04-02 01:56:38 UTC] status e9_active=0 e9_final=1 verify_active=0 verify_ckpt=1 all_uploaded=0 redirect_uploaded=0 verify_uploaded=0 eval_free=0,1,2,3 e3_step=630/1030
[2026-04-02 01:59:46 UTC] status e9_active=0 e9_final=1 verify_active=0 verify_ckpt=1 all_uploaded=0 redirect_uploaded=0 verify_uploaded=0 eval_free=0,1,2,3 e3_step=630/1030
[2026-04-02 02:02:54 UTC] status e9_active=0 e9_final=1 verify_active=0 verify_ckpt=1 all_uploaded=0 redirect_uploaded=0 verify_uploaded=0 eval_free=0,1,2,3 e3_step=630/1030
[2026-04-02 02:06:01 UTC] status e9_active=0 e9_final=1 verify_active=0 verify_ckpt=1 all_uploaded=0 redirect_uploaded=0 verify_uploaded=0 eval_free=0,1,2,3 e3_step=630/1030
[2026-04-02 02:09:09 UTC] status e9_active=0 e9_final=1 verify_active=0 verify_ckpt=1 all_uploaded=0 redirect_uploaded=0 verify_uploaded=0 eval_free=0,1,2,3 e3_step=630/1030
[2026-04-02 02:12:17 UTC] status e9_active=0 e9_final=1 verify_active=0 verify_ckpt=1 all_uploaded=0 redirect_uploaded=0 verify_uploaded=0 eval_free=0,1,2,3 e3_step=630/1030
[2026-04-02 02:15:25 UTC] status e9_active=0 e9_final=1 verify_active=0 verify_ckpt=1 all_uploaded=0 redirect_uploaded=0 verify_uploaded=0 eval_free=0,1,2,3 e3_step=630/1030
[2026-04-02 02:18:33 UTC] status e9_active=0 e9_final=1 verify_active=0 verify_ckpt=1 all_uploaded=0 redirect_uploaded=0 verify_uploaded=0 eval_free=0,1,2,3 e3_step=640/1030
[2026-04-02 02:21:41 UTC] status e9_active=0 e9_final=1 verify_active=0 verify_ckpt=1 all_uploaded=0 redirect_uploaded=0 verify_uploaded=0 eval_free=0,1,2,3 e3_step=640/1030
[2026-04-02 02:24:48 UTC] status e9_active=0 e9_final=1 verify_active=0 verify_ckpt=1 all_uploaded=0 redirect_uploaded=0 verify_uploaded=0 eval_free=0,1,2,3 e3_step=640/1030
[2026-04-02 02:27:56 UTC] status e9_active=0 e9_final=1 verify_active=0 verify_ckpt=1 all_uploaded=0 redirect_uploaded=0 verify_uploaded=0 eval_free=0,1,2,3 e3_step=640/1030
[2026-04-02 02:31:04 UTC] status e9_active=0 e9_final=1 verify_active=0 verify_ckpt=1 all_uploaded=0 redirect_uploaded=0 verify_uploaded=0 eval_free=0,1,2,3 e3_step=640/1030
[2026-04-02 02:34:11 UTC] status e9_active=0 e9_final=1 verify_active=0 verify_ckpt=1 all_uploaded=0 redirect_uploaded=0 verify_uploaded=0 eval_free=0,1,2,3 e3_step=640/1030
[2026-04-02 02:37:20 UTC] status e9_active=0 e9_final=1 verify_active=0 verify_ckpt=1 all_uploaded=0 redirect_uploaded=0 verify_uploaded=0 eval_free=0,1,2,3 e3_step=640/1030
[2026-04-02 02:40:27 UTC] status e9_active=0 e9_final=1 verify_active=0 verify_ckpt=1 all_uploaded=0 redirect_uploaded=0 verify_uploaded=0 eval_free=0,1,2,3 e3_step=640/1030
[2026-04-02 02:43:35 UTC] status e9_active=0 e9_final=1 verify_active=0 verify_ckpt=1 all_uploaded=0 redirect_uploaded=0 verify_uploaded=0 eval_free=0,1,2,3 e3_step=650/1030
[2026-04-02 02:46:43 UTC] status e9_active=0 e9_final=1 verify_active=0 verify_ckpt=1 all_uploaded=0 redirect_uploaded=0 verify_uploaded=0 eval_free=0,1,2,3 e3_step=650/1030
[2026-04-02 02:49:50 UTC] status e9_active=0 e9_final=1 verify_active=0 verify_ckpt=1 all_uploaded=0 redirect_uploaded=0 verify_uploaded=0 eval_free=0,1,2,3 e3_step=650/1030
[2026-04-02 02:52:58 UTC] status e9_active=0 e9_final=1 verify_active=0 verify_ckpt=1 all_uploaded=0 redirect_uploaded=0 verify_uploaded=0 eval_free=0,1,2,3 e3_step=650/1030
[2026-04-02 02:56:06 UTC] status e9_active=0 e9_final=1 verify_active=0 verify_ckpt=1 all_uploaded=0 redirect_uploaded=0 verify_uploaded=0 eval_free=0,1,2,3 e3_step=650/1030
[2026-04-02 02:59:13 UTC] status e9_active=0 e9_final=1 verify_active=0 verify_ckpt=1 all_uploaded=0 redirect_uploaded=0 verify_uploaded=0 eval_free=0,1,2,3 e3_step=650/1030
[2026-04-02 03:02:21 UTC] status e9_active=0 e9_final=1 verify_active=0 verify_ckpt=1 all_uploaded=0 redirect_uploaded=0 verify_uploaded=0 eval_free=0,1,2,3 e3_step=650/1030
[2026-04-02 03:05:29 UTC] status e9_active=0 e9_final=1 verify_active=0 verify_ckpt=1 all_uploaded=0 redirect_uploaded=0 verify_uploaded=0 eval_free=0,1,2,3 e3_step=650/1030
[2026-04-02 03:08:37 UTC] status e9_active=0 e9_final=1 verify_active=0 verify_ckpt=1 all_uploaded=0 redirect_uploaded=0 verify_uploaded=0 eval_free=0,1,2,3 e3_step=650/1030
[2026-04-02 03:11:44 UTC] status e9_active=0 e9_final=1 verify_active=0 verify_ckpt=1 all_uploaded=0 redirect_uploaded=0 verify_uploaded=0 eval_free=0,1,2,3 e3_step=660/1030
[2026-04-02 03:14:51 UTC] status e9_active=0 e9_final=1 verify_active=0 verify_ckpt=1 all_uploaded=0 redirect_uploaded=0 verify_uploaded=0 eval_free=0,1,2,3 e3_step=660/1030
[2026-04-02 03:17:59 UTC] status e9_active=0 e9_final=1 verify_active=0 verify_ckpt=1 all_uploaded=0 redirect_uploaded=0 verify_uploaded=0 eval_free=0,1,2,3 e3_step=660/1030
[2026-04-02 03:21:07 UTC] status e9_active=0 e9_final=1 verify_active=0 verify_ckpt=1 all_uploaded=0 redirect_uploaded=0 verify_uploaded=0 eval_free=0,1,2,3 e3_step=660/1030
[2026-04-02 03:24:14 UTC] status e9_active=0 e9_final=1 verify_active=0 verify_ckpt=1 all_uploaded=0 redirect_uploaded=0 verify_uploaded=0 eval_free=0,1,2,3 e3_step=660/1030
[2026-04-02 03:27:22 UTC] status e9_active=0 e9_final=1 verify_active=0 verify_ckpt=1 all_uploaded=0 redirect_uploaded=0 verify_uploaded=0 eval_free=0,1,2,3 e3_step=660/1030
[2026-04-02 03:30:30 UTC] status e9_active=0 e9_final=1 verify_active=0 verify_ckpt=1 all_uploaded=0 redirect_uploaded=0 verify_uploaded=0 eval_free=0,1,2,3 e3_step=660/1030
[2026-04-02 03:33:37 UTC] status e9_active=0 e9_final=1 verify_active=0 verify_ckpt=1 all_uploaded=0 redirect_uploaded=0 verify_uploaded=0 eval_free=0,1,2,3 e3_step=660/1030
[2026-04-02 03:36:45 UTC] status e9_active=0 e9_final=1 verify_active=0 verify_ckpt=1 all_uploaded=0 redirect_uploaded=0 verify_uploaded=0 eval_free=0,1,2,3 e3_step=670/1030
[2026-04-02 03:39:52 UTC] status e9_active=0 e9_final=1 verify_active=0 verify_ckpt=1 all_uploaded=0 redirect_uploaded=0 verify_uploaded=0 eval_free=0,1,2,3 e3_step=670/1030
[2026-04-02 03:42:59 UTC] status e9_active=0 e9_final=1 verify_active=0 verify_ckpt=1 all_uploaded=0 redirect_uploaded=0 verify_uploaded=0 eval_free=0,1,2,3 e3_step=670/1030
[2026-04-02 03:46:06 UTC] status e9_active=0 e9_final=1 verify_active=0 verify_ckpt=1 all_uploaded=0 redirect_uploaded=0 verify_uploaded=0 eval_free=0,1,2,3 e3_step=670/1030
[2026-04-02 03:49:14 UTC] status e9_active=0 e9_final=1 verify_active=0 verify_ckpt=1 all_uploaded=0 redirect_uploaded=0 verify_uploaded=0 eval_free=0,1,2,3 e3_step=670/1030
[2026-04-02 03:52:21 UTC] status e9_active=0 e9_final=1 verify_active=0 verify_ckpt=1 all_uploaded=0 redirect_uploaded=0 verify_uploaded=0 eval_free=0,1,2,3 e3_step=670/1030
[2026-04-02 03:55:28 UTC] status e9_active=0 e9_final=1 verify_active=0 verify_ckpt=1 all_uploaded=0 redirect_uploaded=0 verify_uploaded=0 eval_free=0,1,2,3 e3_step=670/1030
[2026-04-02 03:58:35 UTC] status e9_active=0 e9_final=1 verify_active=0 verify_ckpt=1 all_uploaded=0 redirect_uploaded=0 verify_uploaded=0 eval_free=0,1,2,3 e3_step=670/1030
[2026-04-02 04:01:42 UTC] status e9_active=0 e9_final=1 verify_active=0 verify_ckpt=1 all_uploaded=0 redirect_uploaded=0 verify_uploaded=0 eval_free=0,1,2,3 e3_step=680/1030
[2026-04-02 04:04:49 UTC] status e9_active=0 e9_final=1 verify_active=0 verify_ckpt=1 all_uploaded=0 redirect_uploaded=0 verify_uploaded=0 eval_free=0,1,2,3 e3_step=680/1030
[2026-04-02 04:07:57 UTC] status e9_active=0 e9_final=1 verify_active=0 verify_ckpt=1 all_uploaded=0 redirect_uploaded=0 verify_uploaded=0 eval_free=0,1,2,3 e3_step=680/1030
[2026-04-02 04:11:04 UTC] status e9_active=0 e9_final=1 verify_active=0 verify_ckpt=1 all_uploaded=0 redirect_uploaded=0 verify_uploaded=0 eval_free=0,1,2,3 e3_step=680/1030
[2026-04-02 04:14:11 UTC] status e9_active=0 e9_final=1 verify_active=0 verify_ckpt=1 all_uploaded=0 redirect_uploaded=0 verify_uploaded=0 eval_free=0,1,2,3 e3_step=680/1030
[2026-04-02 04:17:19 UTC] status e9_active=0 e9_final=1 verify_active=0 verify_ckpt=1 all_uploaded=0 redirect_uploaded=0 verify_uploaded=0 eval_free=0,1,2,3 e3_step=680/1030
[2026-04-02 04:20:26 UTC] status e9_active=0 e9_final=1 verify_active=0 verify_ckpt=1 all_uploaded=0 redirect_uploaded=0 verify_uploaded=0 eval_free=0,1,2,3 e3_step=680/1030
[2026-04-02 04:23:33 UTC] status e9_active=0 e9_final=1 verify_active=0 verify_ckpt=1 all_uploaded=0 redirect_uploaded=0 verify_uploaded=0 eval_free=0,1,2,3 e3_step=680/1030
[2026-04-02 04:26:40 UTC] status e9_active=0 e9_final=1 verify_active=0 verify_ckpt=1 all_uploaded=0 redirect_uploaded=0 verify_uploaded=0 eval_free=0,1,2,3 e3_step=680/1030
[2026-04-02 04:29:48 UTC] status e9_active=0 e9_final=1 verify_active=0 verify_ckpt=1 all_uploaded=0 redirect_uploaded=0 verify_uploaded=0 eval_free=0,1,2,3 e3_step=690/1030
[2026-04-02 04:32:55 UTC] status e9_active=0 e9_final=1 verify_active=0 verify_ckpt=1 all_uploaded=0 redirect_uploaded=0 verify_uploaded=0 eval_free=0,1,2,3 e3_step=690/1030
[2026-04-02 04:36:02 UTC] status e9_active=0 e9_final=1 verify_active=0 verify_ckpt=1 all_uploaded=0 redirect_uploaded=0 verify_uploaded=0 eval_free=0,1,2,3 e3_step=690/1030
[2026-04-02 04:39:10 UTC] status e9_active=0 e9_final=1 verify_active=0 verify_ckpt=1 all_uploaded=0 redirect_uploaded=0 verify_uploaded=0 eval_free=0,1,2,3 e3_step=690/1030
[2026-04-02 04:42:17 UTC] status e9_active=0 e9_final=1 verify_active=0 verify_ckpt=1 all_uploaded=0 redirect_uploaded=0 verify_uploaded=0 eval_free=0,1,2,3 e3_step=690/1030
[2026-04-02 04:45:24 UTC] status e9_active=0 e9_final=1 verify_active=0 verify_ckpt=1 all_uploaded=0 redirect_uploaded=0 verify_uploaded=0 eval_free=0,1,2,3 e3_step=690/1030
[2026-04-02 04:48:32 UTC] status e9_active=0 e9_final=1 verify_active=0 verify_ckpt=1 all_uploaded=0 redirect_uploaded=0 verify_uploaded=0 eval_free=0,1,2,3 e3_step=690/1030
[2026-04-02 04:51:39 UTC] status e9_active=0 e9_final=1 verify_active=0 verify_ckpt=1 all_uploaded=0 redirect_uploaded=0 verify_uploaded=0 eval_free=0,1,2,3 e3_step=690/1030
[2026-04-02 04:54:47 UTC] status e9_active=0 e9_final=1 verify_active=0 verify_ckpt=1 all_uploaded=0 redirect_uploaded=0 verify_uploaded=0 eval_free=0,1,2,3 e3_step=700/1030
[2026-04-02 04:57:54 UTC] status e9_active=0 e9_final=1 verify_active=0 verify_ckpt=1 all_uploaded=0 redirect_uploaded=0 verify_uploaded=0 eval_free=0,1,2,3 e3_step=700/1030
[2026-04-02 05:01:01 UTC] status e9_active=0 e9_final=1 verify_active=0 verify_ckpt=1 all_uploaded=0 redirect_uploaded=0 verify_uploaded=0 eval_free=0,1,2,3 e3_step=700/1030
[2026-04-02 05:04:09 UTC] status e9_active=0 e9_final=1 verify_active=0 verify_ckpt=1 all_uploaded=0 redirect_uploaded=0 verify_uploaded=0 eval_free=0,1,2,3 e3_step=700/1030
[2026-04-02 05:07:16 UTC] status e9_active=0 e9_final=1 verify_active=0 verify_ckpt=1 all_uploaded=0 redirect_uploaded=0 verify_uploaded=0 eval_free=0,1,2,3 e3_step=700/1030
[2026-04-02 05:10:23 UTC] status e9_active=0 e9_final=1 verify_active=0 verify_ckpt=1 all_uploaded=0 redirect_uploaded=0 verify_uploaded=0 eval_free=0,1,2,3 e3_step=700/1030
[2026-04-02 05:13:31 UTC] status e9_active=0 e9_final=1 verify_active=0 verify_ckpt=1 all_uploaded=0 redirect_uploaded=0 verify_uploaded=0 eval_free=0,1,2,3 e3_step=700/1030
[2026-04-02 05:16:38 UTC] status e9_active=0 e9_final=1 verify_active=0 verify_ckpt=1 all_uploaded=0 redirect_uploaded=0 verify_uploaded=0 eval_free=0,1,2,3 e3_step=700/1030
[2026-04-02 05:19:45 UTC] status e9_active=0 e9_final=1 verify_active=0 verify_ckpt=1 all_uploaded=0 redirect_uploaded=0 verify_uploaded=0 eval_free=0,1,2,3 e3_step=710/1030
[2026-04-02 05:22:53 UTC] status e9_active=0 e9_final=1 verify_active=0 verify_ckpt=1 all_uploaded=0 redirect_uploaded=0 verify_uploaded=0 eval_free=0,1,2,3 e3_step=710/1030
[2026-04-02 05:26:00 UTC] status e9_active=0 e9_final=1 verify_active=0 verify_ckpt=1 all_uploaded=0 redirect_uploaded=0 verify_uploaded=0 eval_free=0,1,2,3 e3_step=710/1030
[2026-04-02 05:29:07 UTC] status e9_active=0 e9_final=1 verify_active=0 verify_ckpt=1 all_uploaded=0 redirect_uploaded=0 verify_uploaded=0 eval_free=0,1,2,3 e3_step=710/1030
[2026-04-02 05:32:15 UTC] status e9_active=0 e9_final=1 verify_active=0 verify_ckpt=1 all_uploaded=0 redirect_uploaded=0 verify_uploaded=0 eval_free=0,1,2,3 e3_step=710/1030
[2026-04-02 05:35:22 UTC] status e9_active=0 e9_final=1 verify_active=0 verify_ckpt=1 all_uploaded=0 redirect_uploaded=0 verify_uploaded=0 eval_free=0,1,2,3 e3_step=710/1030
[2026-04-02 05:38:29 UTC] status e9_active=0 e9_final=1 verify_active=0 verify_ckpt=1 all_uploaded=0 redirect_uploaded=0 verify_uploaded=0 eval_free=0,1,2,3 e3_step=710/1030
[2026-04-02 05:41:37 UTC] status e9_active=0 e9_final=1 verify_active=0 verify_ckpt=1 all_uploaded=0 redirect_uploaded=0 verify_uploaded=0 eval_free=0,1,2,3 e3_step=710/1030
[2026-04-02 05:44:44 UTC] status e9_active=0 e9_final=1 verify_active=0 verify_ckpt=1 all_uploaded=0 redirect_uploaded=0 verify_uploaded=0 eval_free=0,1,2,3 e3_step=710/1030
[2026-04-02 05:47:51 UTC] status e9_active=0 e9_final=1 verify_active=0 verify_ckpt=1 all_uploaded=0 redirect_uploaded=0 verify_uploaded=0 eval_free=0,1,2,3 e3_step=720/1030
[2026-04-02 05:50:59 UTC] status e9_active=0 e9_final=1 verify_active=0 verify_ckpt=1 all_uploaded=0 redirect_uploaded=0 verify_uploaded=0 eval_free=0,1,2,3 e3_step=720/1030
[2026-04-02 05:54:06 UTC] status e9_active=0 e9_final=1 verify_active=0 verify_ckpt=1 all_uploaded=0 redirect_uploaded=0 verify_uploaded=0 eval_free=0,1,2,3 e3_step=720/1030
[2026-04-02 05:57:13 UTC] status e9_active=0 e9_final=1 verify_active=0 verify_ckpt=1 all_uploaded=0 redirect_uploaded=0 verify_uploaded=0 eval_free=0,1,2,3 e3_step=720/1030
[2026-04-02 06:00:21 UTC] status e9_active=0 e9_final=1 verify_active=0 verify_ckpt=1 all_uploaded=0 redirect_uploaded=0 verify_uploaded=0 eval_free=0,1,2,3 e3_step=720/1030
[2026-04-02 06:03:29 UTC] status e9_active=0 e9_final=1 verify_active=0 verify_ckpt=1 all_uploaded=0 redirect_uploaded=0 verify_uploaded=0 eval_free=0,1,2,3 e3_step=720/1030
[2026-04-02 06:06:36 UTC] status e9_active=0 e9_final=1 verify_active=0 verify_ckpt=1 all_uploaded=0 redirect_uploaded=0 verify_uploaded=0 eval_free=0,1,2,3 e3_step=720/1030
[2026-04-02 06:09:44 UTC] status e9_active=0 e9_final=1 verify_active=0 verify_ckpt=1 all_uploaded=0 redirect_uploaded=0 verify_uploaded=0 eval_free=0,1,2,3 e3_step=720/1030
[2026-04-02 06:12:51 UTC] status e9_active=0 e9_final=1 verify_active=0 verify_ckpt=1 all_uploaded=0 redirect_uploaded=0 verify_uploaded=0 eval_free=0,1,2,3 e3_step=730/1030
[2026-04-02 06:15:59 UTC] status e9_active=0 e9_final=1 verify_active=0 verify_ckpt=1 all_uploaded=0 redirect_uploaded=0 verify_uploaded=0 eval_free=0,1,2,3 e3_step=730/1030
[2026-04-02 06:19:06 UTC] status e9_active=0 e9_final=1 verify_active=0 verify_ckpt=1 all_uploaded=0 redirect_uploaded=0 verify_uploaded=0 eval_free=0,1,2,3 e3_step=730/1030
[2026-04-02 06:22:14 UTC] status e9_active=0 e9_final=1 verify_active=0 verify_ckpt=1 all_uploaded=0 redirect_uploaded=0 verify_uploaded=0 eval_free=0,1,2,3 e3_step=730/1030
[2026-04-02 06:25:22 UTC] status e9_active=0 e9_final=1 verify_active=0 verify_ckpt=1 all_uploaded=0 redirect_uploaded=0 verify_uploaded=0 eval_free=0,1,2,3 e3_step=730/1030
[2026-04-02 06:28:29 UTC] status e9_active=0 e9_final=1 verify_active=0 verify_ckpt=1 all_uploaded=0 redirect_uploaded=0 verify_uploaded=0 eval_free=0,1,2,3 e3_step=730/1030
[2026-04-02 06:31:37 UTC] status e9_active=0 e9_final=1 verify_active=0 verify_ckpt=1 all_uploaded=0 redirect_uploaded=0 verify_uploaded=0 eval_free=0,1,2,3 e3_step=730/1030
[2026-04-02 06:34:45 UTC] status e9_active=0 e9_final=1 verify_active=0 verify_ckpt=1 all_uploaded=0 redirect_uploaded=0 verify_uploaded=0 eval_free=0,1,2,3 e3_step=730/1030
[2026-04-02 06:37:52 UTC] status e9_active=0 e9_final=1 verify_active=0 verify_ckpt=1 all_uploaded=0 redirect_uploaded=0 verify_uploaded=0 eval_free=0,1,2,3 e3_step=740/1030
[2026-04-02 06:41:00 UTC] status e9_active=0 e9_final=1 verify_active=0 verify_ckpt=1 all_uploaded=0 redirect_uploaded=0 verify_uploaded=0 eval_free=0,1,2,3 e3_step=740/1030
[2026-04-02 06:44:08 UTC] status e9_active=0 e9_final=1 verify_active=0 verify_ckpt=1 all_uploaded=0 redirect_uploaded=0 verify_uploaded=0 eval_free=0,1,2,3 e3_step=740/1030
[2026-04-02 06:47:16 UTC] status e9_active=0 e9_final=1 verify_active=0 verify_ckpt=1 all_uploaded=0 redirect_uploaded=0 verify_uploaded=0 eval_free=0,1,2,3 e3_step=740/1030
[2026-04-02 06:50:23 UTC] status e9_active=0 e9_final=1 verify_active=0 verify_ckpt=1 all_uploaded=0 redirect_uploaded=0 verify_uploaded=0 eval_free=0,1,2,3 e3_step=740/1030
[2026-04-02 06:53:31 UTC] status e9_active=0 e9_final=1 verify_active=0 verify_ckpt=1 all_uploaded=0 redirect_uploaded=0 verify_uploaded=0 eval_free=0,1,2,3 e3_step=740/1030
[2026-04-02 06:56:39 UTC] status e9_active=0 e9_final=1 verify_active=0 verify_ckpt=1 all_uploaded=0 redirect_uploaded=0 verify_uploaded=0 eval_free=0,1,2,3 e3_step=740/1030
[2026-04-02 06:59:46 UTC] status e9_active=0 e9_final=1 verify_active=0 verify_ckpt=1 all_uploaded=0 redirect_uploaded=0 verify_uploaded=0 eval_free=0,1,2,3 e3_step=740/1030
[2026-04-02 07:02:54 UTC] status e9_active=0 e9_final=1 verify_active=0 verify_ckpt=1 all_uploaded=0 redirect_uploaded=0 verify_uploaded=0 eval_free=0,1,2,3 e3_step=740/1030
[2026-04-02 07:06:02 UTC] status e9_active=0 e9_final=1 verify_active=0 verify_ckpt=1 all_uploaded=0 redirect_uploaded=0 verify_uploaded=0 eval_free=0,1,2,3 e3_step=750/1030
[2026-04-02 07:09:10 UTC] status e9_active=0 e9_final=1 verify_active=0 verify_ckpt=1 all_uploaded=0 redirect_uploaded=0 verify_uploaded=0 eval_free=0,1,2,3 e3_step=750/1030
[2026-04-02 07:12:18 UTC] status e9_active=0 e9_final=1 verify_active=0 verify_ckpt=1 all_uploaded=0 redirect_uploaded=0 verify_uploaded=0 eval_free=0,1,2,3 e3_step=750/1030
[2026-04-02 07:15:26 UTC] status e9_active=0 e9_final=1 verify_active=0 verify_ckpt=1 all_uploaded=0 redirect_uploaded=0 verify_uploaded=0 eval_free=0,1,2,3 e3_step=750/1030
[2026-04-02 07:18:33 UTC] status e9_active=0 e9_final=1 verify_active=0 verify_ckpt=1 all_uploaded=0 redirect_uploaded=0 verify_uploaded=0 eval_free=0,1,2,3 e3_step=750/1030
[2026-04-02 07:21:41 UTC] status e9_active=0 e9_final=1 verify_active=0 verify_ckpt=1 all_uploaded=0 redirect_uploaded=0 verify_uploaded=0 eval_free=0,1,2,3 e3_step=750/1030
[2026-04-02 07:24:49 UTC] status e9_active=0 e9_final=1 verify_active=0 verify_ckpt=1 all_uploaded=0 redirect_uploaded=0 verify_uploaded=0 eval_free=0,1,2,3 e3_step=750/1030
[2026-04-02 07:27:57 UTC] status e9_active=0 e9_final=1 verify_active=0 verify_ckpt=1 all_uploaded=0 redirect_uploaded=0 verify_uploaded=0 eval_free=0,1,2,3 e3_step=750/1030
[2026-04-02 07:31:05 UTC] status e9_active=0 e9_final=1 verify_active=0 verify_ckpt=1 all_uploaded=0 redirect_uploaded=0 verify_uploaded=0 eval_free=0,1,2,3 e3_step=760/1030
[2026-04-02 07:34:13 UTC] status e9_active=0 e9_final=1 verify_active=0 verify_ckpt=1 all_uploaded=0 redirect_uploaded=0 verify_uploaded=0 eval_free=0,1,2,3 e3_step=760/1030
[2026-04-02 07:37:20 UTC] status e9_active=0 e9_final=1 verify_active=0 verify_ckpt=1 all_uploaded=0 redirect_uploaded=0 verify_uploaded=0 eval_free=0,1,2,3 e3_step=760/1030
[2026-04-02 07:40:28 UTC] status e9_active=0 e9_final=1 verify_active=0 verify_ckpt=1 all_uploaded=0 redirect_uploaded=0 verify_uploaded=0 eval_free=0,1,2,3 e3_step=760/1030
[2026-04-02 07:43:36 UTC] status e9_active=0 e9_final=1 verify_active=0 verify_ckpt=1 all_uploaded=0 redirect_uploaded=0 verify_uploaded=0 eval_free=0,1,2,3 e3_step=760/1030
[2026-04-02 07:46:44 UTC] status e9_active=0 e9_final=1 verify_active=0 verify_ckpt=1 all_uploaded=0 redirect_uploaded=0 verify_uploaded=0 eval_free=0,1,2,3 e3_step=760/1030
[2026-04-02 07:49:52 UTC] status e9_active=0 e9_final=1 verify_active=0 verify_ckpt=1 all_uploaded=0 redirect_uploaded=0 verify_uploaded=0 eval_free=0,1,2,3 e3_step=760/1030
[2026-04-02 07:52:59 UTC] status e9_active=0 e9_final=1 verify_active=0 verify_ckpt=1 all_uploaded=0 redirect_uploaded=0 verify_uploaded=0 eval_free=0,1,2,3 e3_step=760/1030
[2026-04-02 07:56:07 UTC] status e9_active=0 e9_final=1 verify_active=0 verify_ckpt=1 all_uploaded=0 redirect_uploaded=0 verify_uploaded=0 eval_free=0,1,2,3 e3_step=770/1030
[2026-04-02 07:59:15 UTC] status e9_active=0 e9_final=1 verify_active=0 verify_ckpt=1 all_uploaded=0 redirect_uploaded=0 verify_uploaded=0 eval_free=0,1,2,3 e3_step=770/1030
[2026-04-02 08:02:22 UTC] status e9_active=0 e9_final=1 verify_active=0 verify_ckpt=1 all_uploaded=0 redirect_uploaded=0 verify_uploaded=0 eval_free=0,1,2,3 e3_step=770/1030
[2026-04-02 08:05:30 UTC] status e9_active=0 e9_final=1 verify_active=0 verify_ckpt=1 all_uploaded=0 redirect_uploaded=0 verify_uploaded=0 eval_free=0,1,2,3 e3_step=770/1030
[2026-04-02 08:08:38 UTC] status e9_active=0 e9_final=1 verify_active=0 verify_ckpt=1 all_uploaded=0 redirect_uploaded=0 verify_uploaded=0 eval_free=0,1,2,3 e3_step=770/1030
[2026-04-02 08:11:45 UTC] status e9_active=0 e9_final=1 verify_active=0 verify_ckpt=1 all_uploaded=0 redirect_uploaded=0 verify_uploaded=0 eval_free=0,1,2,3 e3_step=770/1030
[2026-04-02 08:14:53 UTC] status e9_active=0 e9_final=1 verify_active=0 verify_ckpt=1 all_uploaded=0 redirect_uploaded=0 verify_uploaded=0 eval_free=0,1,2,3 e3_step=770/1030
[2026-04-02 08:18:00 UTC] status e9_active=0 e9_final=1 verify_active=0 verify_ckpt=1 all_uploaded=0 redirect_uploaded=0 verify_uploaded=0 eval_free=0,1,2,3 e3_step=770/1030
[2026-04-02 08:21:08 UTC] status e9_active=0 e9_final=1 verify_active=0 verify_ckpt=1 all_uploaded=0 redirect_uploaded=0 verify_uploaded=0 eval_free=0,1,2,3 e3_step=770/1030
[2026-04-02 08:24:16 UTC] status e9_active=0 e9_final=1 verify_active=0 verify_ckpt=1 all_uploaded=0 redirect_uploaded=0 verify_uploaded=0 eval_free=0,1,2,3 e3_step=780/1030
[2026-04-02 08:27:24 UTC] status e9_active=0 e9_final=1 verify_active=0 verify_ckpt=1 all_uploaded=0 redirect_uploaded=0 verify_uploaded=0 eval_free=0,1,2,3 e3_step=780/1030
[2026-04-02 08:30:32 UTC] status e9_active=0 e9_final=1 verify_active=0 verify_ckpt=1 all_uploaded=0 redirect_uploaded=0 verify_uploaded=0 eval_free=0,1,2,3 e3_step=780/1030
[2026-04-02 08:33:39 UTC] status e9_active=0 e9_final=1 verify_active=0 verify_ckpt=1 all_uploaded=0 redirect_uploaded=0 verify_uploaded=0 eval_free=0,1,2,3 e3_step=780/1030
[2026-04-02 08:36:47 UTC] status e9_active=0 e9_final=1 verify_active=0 verify_ckpt=1 all_uploaded=0 redirect_uploaded=0 verify_uploaded=0 eval_free=0,1,2,3 e3_step=780/1030
[2026-04-02 08:39:55 UTC] status e9_active=0 e9_final=1 verify_active=0 verify_ckpt=1 all_uploaded=0 redirect_uploaded=0 verify_uploaded=0 eval_free=0,1,2,3 e3_step=780/1030
[2026-04-02 08:43:04 UTC] status e9_active=0 e9_final=1 verify_active=0 verify_ckpt=1 all_uploaded=0 redirect_uploaded=0 verify_uploaded=0 eval_free=0,1,2,3 e3_step=780/1030
[2026-04-02 08:46:12 UTC] status e9_active=0 e9_final=1 verify_active=0 verify_ckpt=1 all_uploaded=0 redirect_uploaded=0 verify_uploaded=0 eval_free=0,1,2,3 e3_step=780/1030
[2026-04-02 08:49:19 UTC] status e9_active=0 e9_final=1 verify_active=0 verify_ckpt=1 all_uploaded=0 redirect_uploaded=0 verify_uploaded=0 eval_free=0,1,2,3 e3_step=790/1030
[2026-04-02 08:52:27 UTC] status e9_active=0 e9_final=1 verify_active=0 verify_ckpt=1 all_uploaded=0 redirect_uploaded=0 verify_uploaded=0 eval_free=0,1,2,3 e3_step=790/1030
[2026-04-02 08:55:34 UTC] status e9_active=0 e9_final=1 verify_active=0 verify_ckpt=1 all_uploaded=0 redirect_uploaded=0 verify_uploaded=0 eval_free=0,1,2,3 e3_step=790/1030
[2026-04-02 08:58:42 UTC] status e9_active=0 e9_final=1 verify_active=0 verify_ckpt=1 all_uploaded=0 redirect_uploaded=0 verify_uploaded=0 eval_free=0,1,2,3 e3_step=790/1030
[2026-04-02 09:01:52 UTC] status e9_active=0 e9_final=1 verify_active=0 verify_ckpt=1 all_uploaded=0 redirect_uploaded=0 verify_uploaded=0 eval_free=0,1,2,3 e3_step=790/1030
[2026-04-02 09:04:59 UTC] status e9_active=0 e9_final=1 verify_active=0 verify_ckpt=1 all_uploaded=0 redirect_uploaded=0 verify_uploaded=0 eval_free=0,1,2,3 e3_step=790/1030
[2026-04-02 09:08:06 UTC] status e9_active=0 e9_final=1 verify_active=0 verify_ckpt=1 all_uploaded=0 redirect_uploaded=0 verify_uploaded=0 eval_free=0,1,2,3 e3_step=790/1030
[2026-04-02 09:11:13 UTC] status e9_active=0 e9_final=1 verify_active=0 verify_ckpt=1 all_uploaded=0 redirect_uploaded=0 verify_uploaded=0 eval_free=0,1,2,3 e3_step=790/1030
[2026-04-02 09:14:21 UTC] status e9_active=0 e9_final=1 verify_active=0 verify_ckpt=1 all_uploaded=0 redirect_uploaded=0 verify_uploaded=0 eval_free=0,1,2,3 e3_step=800/1030
[2026-04-02 09:17:28 UTC] status e9_active=0 e9_final=1 verify_active=0 verify_ckpt=1 all_uploaded=0 redirect_uploaded=0 verify_uploaded=0 eval_free=0,1,2,3 e3_step=800/1030
[2026-04-02 09:20:35 UTC] status e9_active=0 e9_final=1 verify_active=0 verify_ckpt=1 all_uploaded=0 redirect_uploaded=0 verify_uploaded=0 eval_free=0,1,2,3 e3_step=800/1030
[2026-04-02 09:23:42 UTC] status e9_active=0 e9_final=1 verify_active=0 verify_ckpt=1 all_uploaded=0 redirect_uploaded=0 verify_uploaded=0 eval_free=0,1,2,3 e3_step=800/1030
[2026-04-02 09:26:49 UTC] status e9_active=0 e9_final=1 verify_active=0 verify_ckpt=1 all_uploaded=0 redirect_uploaded=0 verify_uploaded=0 eval_free=0,1,2,3 e3_step=800/1030
[2026-04-02 09:29:56 UTC] status e9_active=0 e9_final=1 verify_active=0 verify_ckpt=1 all_uploaded=0 redirect_uploaded=0 verify_uploaded=0 eval_free=0,1,2,3 e3_step=800/1030
[2026-04-02 09:33:04 UTC] status e9_active=0 e9_final=1 verify_active=0 verify_ckpt=1 all_uploaded=0 redirect_uploaded=0 verify_uploaded=0 eval_free=0,1,2,3 e3_step=800/1030
[2026-04-02 09:36:11 UTC] status e9_active=0 e9_final=1 verify_active=0 verify_ckpt=1 all_uploaded=0 redirect_uploaded=0 verify_uploaded=0 eval_free=0,1,2,3 e3_step=800/1030
[2026-04-02 09:39:18 UTC] status e9_active=0 e9_final=1 verify_active=0 verify_ckpt=1 all_uploaded=0 redirect_uploaded=0 verify_uploaded=0 eval_free=0,1,2,3 e3_step=800/1030
[2026-04-02 09:42:26 UTC] status e9_active=0 e9_final=1 verify_active=0 verify_ckpt=1 all_uploaded=0 redirect_uploaded=0 verify_uploaded=0 eval_free=0,1,2,3 e3_step=810/1030
[2026-04-02 09:45:33 UTC] status e9_active=0 e9_final=1 verify_active=0 verify_ckpt=1 all_uploaded=0 redirect_uploaded=0 verify_uploaded=0 eval_free=0,1,2,3 e3_step=810/1030
[2026-04-02 09:48:40 UTC] status e9_active=0 e9_final=1 verify_active=0 verify_ckpt=1 all_uploaded=0 redirect_uploaded=0 verify_uploaded=0 eval_free=0,1,2,3 e3_step=810/1030
[2026-04-02 09:51:47 UTC] status e9_active=0 e9_final=1 verify_active=0 verify_ckpt=1 all_uploaded=0 redirect_uploaded=0 verify_uploaded=0 eval_free=0,1,2,3 e3_step=810/1030
[2026-04-02 09:54:55 UTC] status e9_active=0 e9_final=1 verify_active=0 verify_ckpt=1 all_uploaded=0 redirect_uploaded=0 verify_uploaded=0 eval_free=0,1,2,3 e3_step=810/1030
[2026-04-02 09:58:02 UTC] status e9_active=0 e9_final=1 verify_active=0 verify_ckpt=1 all_uploaded=0 redirect_uploaded=0 verify_uploaded=0 eval_free=0,1,2,3 e3_step=810/1030
[2026-04-02 10:01:09 UTC] status e9_active=0 e9_final=1 verify_active=0 verify_ckpt=1 all_uploaded=0 redirect_uploaded=0 verify_uploaded=0 eval_free=0,1,2,3 e3_step=810/1030
[2026-04-02 10:04:16 UTC] status e9_active=0 e9_final=1 verify_active=0 verify_ckpt=1 all_uploaded=0 redirect_uploaded=0 verify_uploaded=0 eval_free=0,1,2,3 e3_step=810/1030
[2026-04-02 10:07:23 UTC] status e9_active=0 e9_final=1 verify_active=0 verify_ckpt=1 all_uploaded=0 redirect_uploaded=0 verify_uploaded=0 eval_free=0,1,2,3 e3_step=820/1030
[2026-04-02 10:10:31 UTC] status e9_active=0 e9_final=1 verify_active=0 verify_ckpt=1 all_uploaded=0 redirect_uploaded=0 verify_uploaded=0 eval_free=none e3_step=820/1030
[2026-04-02 10:13:38 UTC] status e9_active=0 e9_final=1 verify_active=0 verify_ckpt=1 all_uploaded=0 redirect_uploaded=0 verify_uploaded=0 eval_free=none e3_step=820/1030
[2026-04-02 10:16:45 UTC] status e9_active=0 e9_final=1 verify_active=0 verify_ckpt=1 all_uploaded=0 redirect_uploaded=0 verify_uploaded=0 eval_free=none e3_step=820/1030
[2026-04-02 10:19:52 UTC] status e9_active=0 e9_final=1 verify_active=0 verify_ckpt=1 all_uploaded=0 redirect_uploaded=0 verify_uploaded=0 eval_free=none e3_step=820/1030
[2026-04-02 10:23:00 UTC] status e9_active=0 e9_final=1 verify_active=0 verify_ckpt=1 all_uploaded=0 redirect_uploaded=0 verify_uploaded=0 eval_free=none e3_step=820/1030
[2026-04-02 10:26:08 UTC] status e9_active=0 e9_final=1 verify_active=0 verify_ckpt=1 all_uploaded=0 redirect_uploaded=0 verify_uploaded=0 eval_free=none e3_step=820/1030
[2026-04-02 10:29:15 UTC] status e9_active=0 e9_final=1 verify_active=0 verify_ckpt=1 all_uploaded=0 redirect_uploaded=0 verify_uploaded=0 eval_free=none e3_step=820/1030
[2026-04-02 10:32:23 UTC] status e9_active=0 e9_final=1 verify_active=0 verify_ckpt=1 all_uploaded=0 redirect_uploaded=0 verify_uploaded=0 eval_free=none e3_step=820/1030
[2026-04-02 10:35:49 UTC] train_b collection failed
[2026-04-02 10:39:11 UTC] metacognition_e8 collection failed
