[2026-03-31 19:09:17 UTC] iteration=1 metric=3 delta=3 status=no-op guard=pass :: e3_step=300/300;base_sft=waiting;e5=waiting;e7_step=186/500;e8=waiting;base_eval=waiting
[2026-03-31 19:09:17 UTC] stopping after bounded iteration budget: 1
[2026-03-31 19:10:11 UTC] iteration=2 metric=4 delta=1 status=no-op guard=pass :: e3=done;e3_step=300/300;after_e3=active;base_sft=active;e5=waiting;e7_step=186/500;e8=waiting;base_eval=waiting
[2026-03-31 19:10:11 UTC] stopping after bounded iteration budget: 1
[2026-03-31 19:11:17 UTC] iteration=3 metric=4 delta=0 status=no-op guard=pass :: e3=done;e3_step=300/300;after_e3=active;base_sft=active;e5=waiting;e7_step=188/500;e8=waiting;base_eval=waiting
[2026-03-31 19:13:25 UTC] iteration=4 metric=4 delta=0 status=no-op guard=pass :: e3=done;e3_step=300/300;after_e3=active;base_sft=active;e5=waiting;e7_step=193/500;e8=waiting;base_eval=waiting
[2026-03-31 19:15:34 UTC] iteration=5 metric=4 delta=0 status=no-op guard=pass :: e3=done;e3_step=300/300;after_e3=active;base_sft=active;e5=waiting;e7_step=196/500;e8=waiting;base_eval=waiting
[2026-03-31 19:17:43 UTC] iteration=6 metric=4 delta=0 status=no-op guard=pass :: e3=done;e3_step=300/300;after_e3=active;base_sft=active;e5=waiting;e7_step=200/500;e8=waiting;base_eval=waiting
[2026-03-31 19:19:51 UTC] iteration=7 metric=4 delta=0 status=no-op guard=pass :: e3=done;e3_step=300/300;after_e3=active;base_sft=active;e5=waiting;e7_step=200/500;e8=waiting;base_eval=waiting
[2026-03-31 19:21:59 UTC] iteration=8 metric=4 delta=0 status=no-op guard=pass :: e3=done;e3_step=300/300;after_e3=active;base_sft=active;e5=waiting;e7_step=202/500;e8=waiting;base_eval=waiting
[2026-03-31 19:24:16 UTC] iteration=9 metric=0 delta=0 status=crash guard=fail :: eval state collection failed
[2026-03-31 19:26:33 UTC] iteration=10 metric=4 delta=0 status=no-op guard=pass :: e3=done;e3_step=300/300;after_e3=active;base_sft=active;e5=waiting;e7_step=207/500;e8=waiting;base_eval=waiting
[2026-03-31 19:28:41 UTC] iteration=11 metric=4 delta=0 status=no-op guard=pass :: e3=done;e3_step=300/300;after_e3=active;base_sft=active;e5=waiting;e7_step=210/500;e8=waiting;base_eval=waiting
[2026-03-31 19:30:49 UTC] iteration=12 metric=4 delta=0 status=no-op guard=pass :: e3=done;e3_step=300/300;after_e3=active;base_sft=active;e5=waiting;e7_step=214/500;e8=waiting;base_eval=waiting
[2026-03-31 20:24:41 UTC] iteration=13 metric=5 delta=1 status=keep guard=pass :: started base_sft eval on eval-e8;e3=done;e3_step=300/300;after_e3=active;base_sft=done;e5=active;e7_step=280/500;e8=waiting;base_eval=waiting
[2026-03-31 20:26:50 UTC] iteration=14 metric=5 delta=0 status=no-op guard=pass :: e3=done;e3_step=300/300;after_e3=active;base_sft=done;e5=active;e7_step=282/500;e8=waiting;base_eval=waiting
[2026-03-31 20:28:58 UTC] iteration=15 metric=5 delta=0 status=no-op guard=pass :: e3=done;e3_step=300/300;after_e3=active;base_sft=done;e5=active;e7_step=286/500;e8=waiting;base_eval=waiting
[2026-03-31 20:31:07 UTC] iteration=16 metric=5 delta=0 status=no-op guard=pass :: e3=done;e3_step=300/300;after_e3=active;base_sft=done;e5=active;e7_step=288/500;e8=waiting;base_eval=waiting
[2026-03-31 20:33:18 UTC] iteration=17 metric=5 delta=0 status=no-op guard=pass :: e3=done;e3_step=300/300;after_e3=active;base_sft=done;e5=active;e7_step=292/500;e8=waiting;base_eval=waiting
[2026-03-31 20:33:18 UTC] iteration=17 metric=5 delta=0 status=no-op guard=pass :: e3=done;e3_step=300/300;after_e3=active;base_sft=done;e5=active;e7_step=292/500;e8=waiting;base_eval=waiting
[2026-03-31 20:33:18 UTC] iteration=17 metric=5 delta=0 status=no-op guard=pass :: e3=done;e3_step=300/300;after_e3=active;base_sft=done;e5=active;e7_step=292/500;e8=waiting;base_eval=waiting
[2026-03-31 20:33:33 UTC] iteration=17 metric=0 delta=0 status=crash guard=fail :: eval state collection failed
[2026-03-31 20:33:56 UTC] iteration=18 metric=5 delta=0 status=no-op guard=pass :: e3=done;e3_step=300/300;after_e3=active;base_sft=done;e5=active;e7_step=292/500;e8=waiting;base_eval=waiting
[2026-03-31 20:33:56 UTC] stopping after bounded iteration budget: 1
[2026-03-31 20:35:26 UTC] iteration=18 metric=5 delta=0 status=no-op guard=pass :: e3=done;e3_step=300/300;after_e3=active;base_sft=done;e5=active;e7_step=294/500;e8=waiting;base_eval=waiting
[2026-03-31 20:35:26 UTC] iteration=18 metric=5 delta=0 status=no-op guard=pass :: e3=done;e3_step=300/300;after_e3=active;base_sft=done;e5=active;e7_step=294/500;e8=waiting;base_eval=waiting
[2026-03-31 20:35:26 UTC] iteration=18 metric=5 delta=0 status=no-op guard=pass :: e3=done;e3_step=300/300;after_e3=active;base_sft=done;e5=active;e7_step=294/500;e8=waiting;base_eval=waiting
[2026-03-31 20:35:48 UTC] iteration=18 metric=0 delta=0 status=crash guard=fail :: eval state collection failed
[2026-03-31 20:37:32 UTC] iteration=19 metric=0 delta=0 status=crash guard=fail :: eval state collection failed
[2026-03-31 20:37:32 UTC] iteration=19 metric=0 delta=0 status=crash guard=fail :: eval state collection failed
[2026-03-31 20:37:56 UTC] iteration=19 metric=5 delta=0 status=no-op guard=pass :: e3=done;e3_step=300/300;after_e3=active;base_sft=done;e5=active;e7_step=296/500;e8=waiting;base_eval=waiting
[2026-03-31 20:39:39 UTC] iteration=20 metric=0 delta=0 status=crash guard=fail :: eval state collection failed
[2026-03-31 20:39:39 UTC] iteration=20 metric=0 delta=0 status=crash guard=fail :: eval state collection failed
[2026-03-31 20:40:02 UTC] iteration=20 metric=0 delta=0 status=crash guard=fail :: eval state collection failed
[2026-03-31 20:41:47 UTC] iteration=21 metric=5 delta=0 status=no-op guard=pass :: e3=done;e3_step=300/300;after_e3=active;base_sft=done;e5=active;e7_step=300/500;e8=waiting;base_eval=waiting
[2026-03-31 20:41:47 UTC] iteration=21 metric=5 delta=0 status=no-op guard=pass :: e3=done;e3_step=300/300;after_e3=active;base_sft=done;e5=active;e7_step=300/500;e8=waiting;base_eval=waiting
[2026-03-31 20:42:18 UTC] iteration=21 metric=0 delta=0 status=crash guard=fail :: eval state collection failed
[2026-03-31 20:44:24 UTC] iteration=22 metric=0 delta=0 status=crash guard=fail :: eval state collection failed
[2026-03-31 20:46:33 UTC] iteration=23 metric=5 delta=0 status=no-op guard=pass :: e3=done;e3_step=300/300;after_e3=active;base_sft=done;e5=active;e7_step=304/500;e8=waiting;base_eval=waiting
[2026-03-31 20:48:41 UTC] iteration=24 metric=5 delta=0 status=no-op guard=pass :: e3=done;e3_step=300/300;after_e3=active;base_sft=done;e5=active;e7_step=308/500;e8=waiting;base_eval=waiting
[2026-03-31 20:50:50 UTC] iteration=25 metric=5 delta=0 status=no-op guard=pass :: e3=done;e3_step=300/300;after_e3=active;base_sft=done;e5=active;e7_step=309/500;e8=waiting;base_eval=waiting
[2026-03-31 20:52:58 UTC] iteration=26 metric=5 delta=0 status=no-op guard=pass :: e3=done;e3_step=300/300;after_e3=active;base_sft=done;e5=active;e7_step=312/500;e8=waiting;base_eval=waiting
[2026-03-31 20:55:06 UTC] iteration=27 metric=5 delta=0 status=no-op guard=pass :: e3=done;e3_step=300/300;after_e3=active;base_sft=done;e5=active;e7_step=314/500;e8=waiting;base_eval=waiting
[2026-03-31 20:57:15 UTC] iteration=28 metric=5 delta=0 status=no-op guard=pass :: e3=done;e3_step=300/300;after_e3=active;base_sft=done;e5=active;e7_step=318/500;e8=waiting;base_eval=waiting
[2026-03-31 20:59:23 UTC] iteration=29 metric=5 delta=0 status=no-op guard=pass :: e3=done;e3_step=300/300;after_e3=active;base_sft=done;e5=active;e7_step=320/500;e8=waiting;base_eval=waiting
[2026-03-31 21:01:31 UTC] iteration=30 metric=5 delta=0 status=no-op guard=pass :: e3=done;e3_step=300/300;after_e3=active;base_sft=done;e5=active;e7_step=322/500;e8=waiting;base_eval=waiting
[2026-03-31 21:03:40 UTC] iteration=31 metric=5 delta=0 status=no-op guard=pass :: e3=done;e3_step=300/300;after_e3=active;base_sft=done;e5=active;e7_step=326/500;e8=waiting;base_eval=waiting
[2026-03-31 21:05:49 UTC] iteration=32 metric=5 delta=0 status=no-op guard=pass :: e3=done;e3_step=300/300;after_e3=active;base_sft=done;e5=active;e7_step=328/500;e8=waiting;base_eval=waiting
[2026-03-31 21:07:57 UTC] iteration=33 metric=5 delta=0 status=no-op guard=pass :: e3=done;e3_step=300/300;after_e3=active;base_sft=done;e5=active;e7_step=330/500;e8=waiting;base_eval=waiting
[2026-03-31 21:10:05 UTC] iteration=34 metric=5 delta=0 status=no-op guard=pass :: e3=done;e3_step=300/300;after_e3=active;base_sft=done;e5=active;e7_step=332/500;e8=waiting;base_eval=waiting
[2026-03-31 21:12:14 UTC] iteration=35 metric=5 delta=0 status=no-op guard=pass :: e3=done;e3_step=300/300;after_e3=active;base_sft=done;e5=active;e7_step=334/500;e8=waiting;base_eval=waiting
[2026-03-31 21:14:22 UTC] iteration=36 metric=5 delta=0 status=no-op guard=pass :: e3=done;e3_step=300/300;after_e3=active;base_sft=done;e5=active;e7_step=338/500;e8=waiting;base_eval=waiting
[2026-03-31 21:15:08 UTC] iteration=37 metric=5 delta=0 status=keep guard=pass :: started base_sft eval on eval-e8;e3=done;e3_step=300/300;after_e3=active;base_sft=done;e5=active;e7_step=338/500;e8=waiting;base_eval=waiting
[2026-03-31 21:15:08 UTC] stopping after bounded iteration budget: 1
[2026-03-31 21:15:28 UTC] iteration=38 metric=5 delta=0 status=no-op guard=pass :: e3=done;e3_step=300/300;after_e3=active;base_sft=done;e5=active;e7_step=338/500;e8=waiting;base_eval=waiting
[2026-03-31 21:17:36 UTC] iteration=39 metric=5 delta=0 status=no-op guard=pass :: e3=done;e3_step=300/300;after_e3=active;base_sft=done;e5=active;e7_step=340/500;e8=waiting;base_eval=waiting
[2026-03-31 21:19:52 UTC] iteration=40 metric=0 delta=0 status=crash guard=fail :: eval state collection failed
[2026-03-31 21:21:30 UTC] iteration=41 metric=5 delta=0 status=keep guard=pass :: started base_sft eval on eval-e8;e3=done;e3_step=300/300;after_e3=active;base_sft=done;e5=active;e7_step=344/500;e8=waiting;base_eval=waiting
[2026-03-31 21:23:39 UTC] iteration=42 metric=5 delta=0 status=no-op guard=pass :: e3=done;e3_step=300/300;after_e3=active;base_sft=done;e5=active;e7_step=348/500;e8=waiting;base_eval=waiting
[2026-03-31 21:25:47 UTC] iteration=43 metric=5 delta=0 status=no-op guard=pass :: e3=done;e3_step=300/300;after_e3=active;base_sft=done;e5=active;e7_step=350/500;e8=waiting;base_eval=waiting
[2026-03-31 21:27:55 UTC] iteration=44 metric=5 delta=0 status=no-op guard=pass :: e3=done;e3_step=300/300;after_e3=active;base_sft=done;e5=active;e7_step=352/500;e8=waiting;base_eval=waiting
[2026-03-31 21:30:03 UTC] iteration=45 metric=5 delta=0 status=no-op guard=pass :: e3=done;e3_step=300/300;after_e3=active;base_sft=done;e5=active;e7_step=354/500;e8=waiting;base_eval=waiting
[2026-03-31 21:32:12 UTC] iteration=46 metric=5 delta=0 status=no-op guard=pass :: e3=done;e3_step=300/300;after_e3=active;base_sft=done;e5=active;e7_step=356/500;e8=waiting;base_eval=waiting
[2026-03-31 21:34:20 UTC] iteration=47 metric=5 delta=0 status=no-op guard=pass :: e3=done;e3_step=300/300;after_e3=active;base_sft=done;e5=active;e7_step=360/500;e8=waiting;base_eval=waiting
[2026-03-31 21:36:28 UTC] iteration=48 metric=5 delta=0 status=no-op guard=pass :: e3=done;e3_step=300/300;after_e3=active;base_sft=done;e5=active;e7_step=362/500;e8=waiting;base_eval=waiting
[2026-03-31 21:38:37 UTC] iteration=49 metric=5 delta=0 status=no-op guard=pass :: e3=done;e3_step=300/300;after_e3=active;base_sft=done;e5=active;e7_step=364/500;e8=waiting;base_eval=waiting
[2026-03-31 21:42:22 UTC] iteration=50 metric=7 delta=2 status=no-op guard=pass :: e3=done;e3_step=300/300;after_e3=active;base_sft=done;e5=active;e7_step=370/500;e8=waiting;base_eval=active;v3_eval=active
[2026-03-31 21:42:22 UTC] stopping after bounded iteration budget: 1
[2026-04-01 05:34:00 UTC] iteration=51 metric=8 delta=1 status=keep guard=pass :: confirmed E5 HF upload; terminated stale E5 processes on metacognition_e8; started current E7 1030 eval on eval-e8 GPU0
[2026-04-01 05:39:30 UTC] iteration=52 metric=9 delta=1 status=keep guard=pass :: repaired E8 launch by fixing wandb auth on tops-caiman; E8 training active on 4 GPUs with wandb run 1t6xnyh1
[2026-04-01 05:41:10 UTC] iteration=53 metric=10 delta=1 status=keep guard=pass :: started V2 SFT rich re-eval on eval-e8 GPU1 to save metadata/parquet/meta_confidences for later qualitative analysis
